###############################################################################
#
# IAR ANSI C/C++ Compiler V8.40.1.212/W32 for ARM         05/Feb/2021  12:20:14
# Copyright 1999-2019 IAR Systems AB.
#
#    Cpu mode     =  
#    Endian       =  little
#    Source file  =  E:\cpp\nrf52_libraries\pwm\led_driver.cpp
#    Command line =
#        -f C:\Users\IF385~1.SHO\AppData\Local\Temp\EWB7A3.tmp
#        (E:\cpp\nrf52_libraries\pwm\led_driver.cpp -D NRF52840_XXAA -D
#        CONFIG_NFCT_PINS_AS_GPIOS -D _AUDIOGUDE_V2_BOARD -D DEBUG -lCN
#        E:\cpp\nrf52_libraries\main\List -lA E:\cpp\nrf52_libraries\main\List
#        -o E:\cpp\nrf52_libraries\main\Obj --no_cse --no_unroll --no_inline
#        --no_code_motion --no_tbaa --no_clustering --no_scheduling --debug
#        --endian=little --cpu=Cortex-M4 -e --fpu=None --dlib_config
#        "C:\Program Files (x86)\IAR Systems\Embedded Workbench
#        8.3\arm\inc\c\DLib_Config_Full.h" -I E:\cpp\nrf52_libraries\fsm\ -I
#        E:\cpp\nrf52_libraries\pwm\ -I E:\cpp\nrf52_libraries\spi\ -I
#        E:\cpp\nrf52_libraries\usb\ -I E:\cpp\nrf52_libraries\main\ -I
#        E:\cpp\nrf52_libraries\cmsis\ -I E:\cpp\nrf52_libraries\cmsis\device\
#        -I E:\cpp\nrf52_libraries\cmsis\include\ -I
#        E:\cpp\nrf52_libraries\board\ -I E:\cpp\nrf52_libraries\utils\ -I
#        E:\cpp\nrf52_libraries\timer\ -I E:\cpp\nrf52_libraries\adc\ -On --c++
#        --no_exceptions --no_rtti)
#    Locale       =  C
#    List file    =  E:\cpp\nrf52_libraries\main\List\led_driver.lst
#    Object file  =  E:\cpp\nrf52_libraries\main\Obj\led_driver.o
#
###############################################################################

E:\cpp\nrf52_libraries\pwm\led_driver.cpp
      1          #include "led_driver.h"

   \                                 In section .text, align 2
   \   __interwork __softfp int nod<int>(int, int)
   \                     _Z3nodIiET_S0_S0_: (+1)
   \                     ??nod_0: (+1)
   \        0x0   0x4288             CMP      R0,R1
   \        0x2   0xD005             BEQ.N    ??nod_1
   \        0x4   0x4281             CMP      R1,R0
   \        0x6   0xDA01             BGE.N    ??nod_2
   \        0x8   0x1A40             SUBS     R0,R0,R1
   \        0xA   0xE7F9             B.N      ??nod_0
   \                     ??nod_2: (+1)
   \        0xC   0x1A09             SUBS     R1,R1,R0
   \        0xE   0xE7F7             B.N      ??nod_0
   \                     ??nod_1: (+1)
   \       0x10   0x4770             BX       LR               ;; return
      2          #include "board.h"
      3          
      4          #ifdef _AUDIOGUDE_V2_BOARD

   \                                 In section .data, align 4
      5          uint32_t led_2_port_list[LEDS_NUM] = 
   \                     led_2_port_list:
   \        0x0   0x0000'0007        DC32 7, 5, 26, 11, 25, 8, 27, 6
   \              0x0000'0005  
   \              0x0000'001A  
   \              0x0000'000B  
   \              0x0000'0019  
   \              0x0000'0008  
   \              0x0000'001B  
   \              0x0000'0006  
      6          {
      7              LED_SYS_RED_PIN,    // P0.07 LED_SYS_RED 
      8              LED_SYS_GREEN_PIN,  // P0.05 LED_SYS_GREEN
      9              LED_BL_BTN_PIN,     // P0.26 LED_BL_BTN 
     10              LED_BTN_PR_PIN,     // P0.11 LED_BTN_PR  
     11              LED_KB_PIN,         // P0.25 LED_KB
     12              LED_BAT_1_PIN,      // P0.08 LED_BAT_1 
     13              LED_BAT_2_PIN,      // P0.27 LED_BAT_2
     14              LED_BAT_3_PIN       // P0.06 LED_BAT_3 
     15          };
     16          
     17          // должен быть создан до того как будут использован в производных классах ниже.
     18          // иначе порушится вся карта пинов и каналов. Т.к. каждый led_driver является производным
     19          // при вызове своего конструктора он сначала вызовет конструктор по умолчанию hw_pwm() - который бессмысленен чуть менее чем полностью)

   \                                 In section .text, align 2, keep-with-next
   \   static __intrinsic __interwork __softfp void __sti__routine()
   \                     __sti__routine: (+1)
   \        0x0   0xB538             PUSH     {R3-R5,LR}
   \        0x2   0xB084             SUB      SP,SP,#+16
     20          led_driver    charge_bar  ( led_2_port_list[LED_BAT_1],
     21                                      led_2_port_list[LED_BAT_2],
     22                                      led_2_port_list[LED_BAT_3], 128, &sys_timer);  
   \        0x4   0x....'....        LDR.W    R4,??DataTable2
   \        0x8   0x....'....        LDR.W    R5,??DataTable2_1
   \        0xC   0xF44F 0x70A5      MOV      R0,#+330
   \       0x10   0x9003             STR      R0,[SP, #+12]
   \       0x12   0x20FF             MOVS     R0,#+255
   \       0x14   0x9002             STR      R0,[SP, #+8]
   \       0x16   0x9501             STR      R5,[SP, #+4]
   \       0x18   0x2080             MOVS     R0,#+128
   \       0x1A   0x9000             STR      R0,[SP, #+0]
   \       0x1C   0x69E3             LDR      R3,[R4, #+28]
   \       0x1E   0x69A2             LDR      R2,[R4, #+24]
   \       0x20   0x6961             LDR      R1,[R4, #+20]
   \       0x22   0x....'....        LDR.W    R0,??DataTable2_2
   \       0x26   0x....'....        BL       _ZN10led_driverC1EjjjtP5Timertj
     23          
     24          led_driver    red_led     ( led_2_port_list[LED_SYS_RED],   &sys_timer, MAX_PWM_VALUE, LED_SHORT_BLINK_MS );
   \       0x2A   0xF44F 0x70A5      MOV      R0,#+330
   \       0x2E   0x9000             STR      R0,[SP, #+0]
   \       0x30   0x23FF             MOVS     R3,#+255
   \       0x32   0x002A             MOVS     R2,R5
   \       0x34   0x6821             LDR      R1,[R4, #+0]
   \       0x36   0x....'....        LDR.W    R0,??DataTable2_3
   \       0x3A   0x....'....        BL       _ZN10led_driverC1EjP5Timertj
     25          led_driver    green_led   ( led_2_port_list[LED_SYS_GREEN], &sys_timer, MAX_PWM_VALUE, LED_SHORT_BLINK_MS );
   \       0x3E   0xF44F 0x70A5      MOV      R0,#+330
   \       0x42   0x9000             STR      R0,[SP, #+0]
   \       0x44   0x23FF             MOVS     R3,#+255
   \       0x46   0x002A             MOVS     R2,R5
   \       0x48   0x6861             LDR      R1,[R4, #+4]
   \       0x4A   0x....'....        LDR.W    R0,??DataTable2_4
   \       0x4E   0x....'....        BL       _ZN10led_driverC1EjP5Timertj
     26          led_driver    bl_btn_led  ( led_2_port_list[LED_BL_BTN],    &sys_timer, MAX_PWM_VALUE, LED_FAST_BLINK_MS );
   \       0x52   0xF44F 0x700C      MOV      R0,#+560
   \       0x56   0x9000             STR      R0,[SP, #+0]
   \       0x58   0x23FF             MOVS     R3,#+255
   \       0x5A   0x002A             MOVS     R2,R5
   \       0x5C   0x68A1             LDR      R1,[R4, #+8]
   \       0x5E   0x....'....        LDR.W    R0,??DataTable2_5
   \       0x62   0x....'....        BL       _ZN10led_driverC1EjP5Timertj
     27          led_driver    btn_pr_led  ( led_2_port_list[LED_BTN_PR],    &sys_timer, MAX_PWM_VALUE, LED_FAST_BLINK_MS );
   \       0x66   0xF44F 0x700C      MOV      R0,#+560
   \       0x6A   0x9000             STR      R0,[SP, #+0]
   \       0x6C   0x23FF             MOVS     R3,#+255
   \       0x6E   0x002A             MOVS     R2,R5
   \       0x70   0x68E1             LDR      R1,[R4, #+12]
   \       0x72   0x....'....        LDR.W    R0,??DataTable2_6
   \       0x76   0x....'....        BL       _ZN10led_driverC1EjP5Timertj
     28          led_driver    kb_led      ( led_2_port_list[LED_KB],        &sys_timer, MAX_PWM_VALUE, LED_FAST_BLINK_MS );
   \       0x7A   0xF44F 0x700C      MOV      R0,#+560
   \       0x7E   0x9000             STR      R0,[SP, #+0]
   \       0x80   0x23FF             MOVS     R3,#+255
   \       0x82   0x002A             MOVS     R2,R5
   \       0x84   0x6921             LDR      R1,[R4, #+16]
   \       0x86   0x....'....        LDR.W    R0,??DataTable2_7
   \       0x8A   0x....'....        BL       _ZN10led_driverC1EjP5Timertj
   \       0x8E   0xB005             ADD      SP,SP,#+20
   \       0x90   0xBD30             POP      {R4,R5,PC}       ;; return

   \                                 In section .bss, align 8
   \                     charge_bar:
   \        0x0                      DS8 56

   \                                 In section .bss, align 8
   \                     red_led:
   \        0x0                      DS8 56

   \                                 In section .bss, align 8
   \                     green_led:
   \        0x0                      DS8 56

   \                                 In section .bss, align 8
   \                     bl_btn_led:
   \        0x0                      DS8 56

   \                                 In section .bss, align 8
   \                     btn_pr_led:
   \        0x0                      DS8 56

   \                                 In section .bss, align 8
   \                     kb_led:
   \        0x0                      DS8 56
     29          
     30          

   \                                 In section .data, align 4
     31          led_driver* led_list[LEDS_NUM] =
   \                     led_list:
   \        0x0   0x....'....        DC32 red_led, green_led, bl_btn_led, btn_pr_led, kb_led, charge_bar
   \              0x....'....  
   \              0x....'....  
   \              0x....'....  
   \              0x....'....  
   \              0x....'....  
   \       0x18   0x0000'0000        DC32 0x0, 0x0
   \              0x0000'0000  
     32          { 
     33              &red_led,
     34              &green_led,
     35              &bl_btn_led,
     36              &btn_pr_led,
     37              &kb_led,
     38              &charge_bar,    // по сути это LED_BAT_1..3 входят в модуль чардж бара.
     39              NULL,    
     40              NULL
     41          };
     42          #endif //_AUDIOGUDE_V2_BOARD
     43          
     44          #ifdef _AUDIOGUDE_V3_BOARD
     45          uint32_t led_2_port_list[LEDS_NUM] = 
     46          {
     47              LED_SYS_GREEN_PIN,  // P0.07 LED_SYS_GREEN 
     48              LED_BL_BTN_PIN,     // P0.26 LED_BL_BTN 
     49              LED_BTN_PR_PIN,     // P0.11 LED_BTN_PR  
     50              LED_KB_PIN,         // P0.25 LED_KB
     51              LED_BAT_1_PIN,      // P0.08 LED_BAT_1 
     52              LED_BAT_2_PIN,      // P0.06 LED_BAT_2
     53              LED_BAT_3_PIN,      // P0.04 LED_BAT_3 
     54              LED_BAT_4_PIN,      // P0.27 LED_BAT_4
     55              LED_BAT_5_PIN       // P0.05 LED_BAT_5 
     56          };
     57          
     58          
     59          led_driver    green_led   ( led_2_port_list[LED_SYS_GREEN], &sys_timer, MAX_PWM_VALUE, LED_SHORT_BLINK_MS );
     60          led_driver    bl_btn_led  ( led_2_port_list[LED_BL_BTN],    &sys_timer, MAX_PWM_VALUE, LED_FAST_BLINK_MS );
     61          led_driver    btn_pr_led  ( led_2_port_list[LED_BTN_PR],    &sys_timer, MAX_PWM_VALUE, LED_FAST_BLINK_MS );
     62          led_driver    kb_led      ( led_2_port_list[LED_KB],        &sys_timer, MAX_PWM_VALUE, LED_FAST_BLINK_MS );
     63          led_driver    charge_led_1( led_2_port_list[LED_BAT_1],     &sys_timer, MAX_PWM_VALUE, LED_FAST_BLINK_MS );
     64          led_driver    charge_led_2( led_2_port_list[LED_BAT_2],     &sys_timer, MAX_PWM_VALUE, LED_FAST_BLINK_MS );
     65          led_driver    charge_led_3( led_2_port_list[LED_BAT_3],     &sys_timer, MAX_PWM_VALUE, LED_FAST_BLINK_MS );
     66          led_driver    charge_led_4( led_2_port_list[LED_BAT_4],     &sys_timer, MAX_PWM_VALUE, LED_FAST_BLINK_MS );
     67          led_driver    charge_led_5( led_2_port_list[LED_BAT_5],     &sys_timer, MAX_PWM_VALUE, LED_FAST_BLINK_MS );
     68          
     69          led_driver* led_list[LEDS_NUM] =
     70          { 
     71              &green_led,
     72              &bl_btn_led,
     73              &btn_pr_led,
     74              &kb_led,
     75              &charge_led_1,
     76              &charge_led_2,    
     77              &charge_led_3,
     78              &charge_led_4,   
     79              &charge_led_5
     80          };
     81          #endif
     82          

   \                                 In section .text, align 2, keep-with-next
   \   __code __interwork __softfp led_driver::subobject led_driver(uint32_t, Timer *, uint16_t, uint32_t)
   \                     _ZN10led_driverC2EjP5Timertj: (+1)
   \        0x0   0xB51C             PUSH     {R2-R4,LR}
   \        0x2   0x0004             MOVS     R4,R0
   \        0x4   0x9804             LDR      R0,[SP, #+16]
   \        0x6   0x9000             STR      R0,[SP, #+0]
   \        0x8   0xB29B             UXTH     R3,R3            ;; ZeroExt  R3,R3,#+16,#+16
   \        0xA   0x0020             MOVS     R0,R4
   \        0xC   0x....'....        BL       _ZN10led_driverC1EjP5Timertj
   \       0x10   0xBD16             POP      {R1,R2,R4,PC}    ;; return

   \                                 In section .text, align 2, keep-with-next
     83          led_driver::led_driver(uint32_t pin, Timer *pTmr, uint16_t max_val,  uint32_t f_time)
     84          : pTimer(pTmr)
     85          {
   \                     _ZN10led_driverC1EjP5Timertj: (+1)
   \        0x0   0xE92D 0x41F0      PUSH     {R4-R8,LR}
   \        0x4   0x0004             MOVS     R4,R0
   \        0x6   0x000D             MOVS     R5,R1
   \        0x8   0x4690             MOV      R8,R2
   \        0xA   0x001E             MOVS     R6,R3
   \        0xC   0x9F06             LDR      R7,[SP, #+24]
   \        0xE   0x0020             MOVS     R0,R4
   \       0x10   0x....'....        BL       _ZN10nrf_hw_pwmC2Ev
   \       0x14   0xF8C4 0x800C      STR      R8,[R4, #+12]
     86              if (max_val <= LED_BRIGHT_100)
   \       0x18   0x0030             MOVS     R0,R6
   \       0x1A   0xB280             UXTH     R0,R0            ;; ZeroExt  R0,R0,#+16,#+16
   \       0x1C   0xF5B0 0x7F80      CMP      R0,#+256
   \       0x20   0xDA01             BGE.N    ??led_driver_0
     87              _max_val  = max_val;
   \       0x22   0x84A6             STRH     R6,[R4, #+36]
   \       0x24   0xE001             B.N      ??led_driver_1
     88              else
     89              _max_val = LED_BRIGHT_100;
   \                     ??led_driver_0: (+1)
   \       0x26   0x20FF             MOVS     R0,#+255
   \       0x28   0x84A0             STRH     R0,[R4, #+36]
     90              
     91              _fade_time = f_time;
   \                     ??led_driver_1: (+1)
   \       0x2A   0x62A7             STR      R7,[R4, #+40]
     92              
     93              set_fadetime(f_time);
   \       0x2C   0x0039             MOVS     R1,R7
   \       0x2E   0x0020             MOVS     R0,R4
   \       0x30   0x....'....        BL       _ZN10led_driver12set_fadetimeEj
     94              
     95              _timer    = pTimer->get_ms() - _tout;
   \       0x34   0x68E0             LDR      R0,[R4, #+12]
   \       0x36   0x....'....        BL       _ZNK5Timer6get_msEv
   \       0x3A   0x6A22             LDR      R2,[R4, #+32]
   \       0x3C   0x2300             MOVS     R3,#+0
   \       0x3E   0x1A80             SUBS     R0,R0,R2
   \       0x40   0x4199             SBCS     R1,R1,R3
   \       0x42   0xE9C4 0x0106      STRD     R0,R1,[R4, #+24]
     96              
     97              // добавляем пин, если еще не добавлен.
     98              add_pin(pin);
   \       0x46   0x0029             MOVS     R1,R5
   \       0x48   0x0020             MOVS     R0,R4
   \       0x4A   0x....'....        BL       _ZN10nrf_hw_pwm7add_pinEj
     99          
    100              _led = get_led_num(pin);
   \       0x4E   0x0029             MOVS     R1,R5
   \       0x50   0x0020             MOVS     R0,R4
   \       0x52   0x....'....        BL       _ZN10nrf_hw_pwm11get_led_numEj
   \       0x56   0xF884 0x002C      STRB     R0,[R4, #+44]
    101          
    102              _bright_val      = 0;
   \       0x5A   0x2000             MOVS     R0,#+0
   \       0x5C   0x6320             STR      R0,[R4, #+48]
    103              _fade_dir = true;
   \       0x5E   0x2001             MOVS     R0,#+1
   \       0x60   0xF884 0x002D      STRB     R0,[R4, #+45]
    104              _run      = false;
   \       0x64   0x2000             MOVS     R0,#+0
   \       0x66   0x7420             STRB     R0,[R4, #+16]
    105              _run_up   = false;
   \       0x68   0x2000             MOVS     R0,#+0
   \       0x6A   0x7460             STRB     R0,[R4, #+17]
    106              _run_down = false;
   \       0x6C   0x2000             MOVS     R0,#+0
   \       0x6E   0x74A0             STRB     R0,[R4, #+18]
    107              
    108              _num_of_rptions = -1;
   \       0x70   0xF05F 0x30FF      MOVS     R0,#-1
   \       0x74   0x6160             STR      R0,[R4, #+20]
    109          }
   \       0x76   0x0020             MOVS     R0,R4
   \       0x78   0xE8BD 0x81F0      POP      {R4-R8,PC}       ;; return
    110          

   \                                 In section .text, align 2, keep-with-next
   \   __code __interwork __softfp led_driver::subobject led_driver(uint32_t, uint32_t, uint32_t, uint16_t, Timer *, uint16_t, uint32_t)
   \                     _ZN10led_driverC2EjjjtP5Timertj: (+1)
   \        0x0   0xB51F             PUSH     {R0-R4,LR}
   \        0x2   0x0004             MOVS     R4,R0
   \        0x4   0x9809             LDR      R0,[SP, #+36]
   \        0x6   0x9003             STR      R0,[SP, #+12]
   \        0x8   0xF8BD 0x0020      LDRH     R0,[SP, #+32]
   \        0xC   0x9002             STR      R0,[SP, #+8]
   \        0xE   0x9807             LDR      R0,[SP, #+28]
   \       0x10   0x9001             STR      R0,[SP, #+4]
   \       0x12   0xF8BD 0x0018      LDRH     R0,[SP, #+24]
   \       0x16   0x9000             STR      R0,[SP, #+0]
   \       0x18   0x0020             MOVS     R0,R4
   \       0x1A   0x....'....        BL       _ZN10led_driverC1EjjjtP5Timertj
   \       0x1E   0xB004             ADD      SP,SP,#+16
   \       0x20   0xBD10             POP      {R4,PC}          ;; return

   \                                 In section .text, align 2, keep-with-next
    111          led_driver::led_driver(uint32_t pin_1, 
    112                                 uint32_t pin_2, 
    113                                 uint32_t pin_3, 
    114                                 uint16_t clock_div, 
    115                                 Timer *pTmr,  
    116                                 uint16_t max_val,  
    117                                 uint32_t f_time) 
    118          : nrf_hw_pwm(clock_div, pin_1, pin_2, pin_3),pTimer(pTmr) 
    119          {
   \                     _ZN10led_driverC1EjjjtP5Timertj: (+1)
   \        0x0   0xE92D 0x4FF8      PUSH     {R3-R11,LR}
   \        0x4   0x0005             MOVS     R5,R0
   \        0x6   0x468B             MOV      R11,R1
   \        0x8   0x0016             MOVS     R6,R2
   \        0xA   0x469A             MOV      R10,R3
   \        0xC   0xF8DD 0x9028      LDR      R9,[SP, #+40]
   \       0x10   0xF8DD 0x802C      LDR      R8,[SP, #+44]
   \       0x14   0x9C0C             LDR      R4,[SP, #+48]
   \       0x16   0x9F0D             LDR      R7,[SP, #+52]
   \       0x18   0xF8CD 0xA000      STR      R10,[SP, #+0]
   \       0x1C   0x0033             MOVS     R3,R6
   \       0x1E   0x465A             MOV      R2,R11
   \       0x20   0x4649             MOV      R1,R9
   \       0x22   0xB289             UXTH     R1,R1            ;; ZeroExt  R1,R1,#+16,#+16
   \       0x24   0x0028             MOVS     R0,R5
   \       0x26   0x....'....        BL       _ZN10nrf_hw_pwmC2Etjjj
   \       0x2A   0xF8C5 0x800C      STR      R8,[R5, #+12]
    120              if (max_val <= LED_BRIGHT_100)
   \       0x2E   0x0020             MOVS     R0,R4
   \       0x30   0xB280             UXTH     R0,R0            ;; ZeroExt  R0,R0,#+16,#+16
   \       0x32   0xF5B0 0x7F80      CMP      R0,#+256
   \       0x36   0xDA01             BGE.N    ??led_driver_2
    121              _max_val  = max_val;
   \       0x38   0x84AC             STRH     R4,[R5, #+36]
   \       0x3A   0xE001             B.N      ??led_driver_3
    122              else
    123              _max_val = LED_BRIGHT_100;
   \                     ??led_driver_2: (+1)
   \       0x3C   0x20FF             MOVS     R0,#+255
   \       0x3E   0x84A8             STRH     R0,[R5, #+36]
    124              
    125              _fade_time = f_time;
   \                     ??led_driver_3: (+1)
   \       0x40   0x62AF             STR      R7,[R5, #+40]
    126              
    127              set_fadetime(f_time);
   \       0x42   0x0039             MOVS     R1,R7
   \       0x44   0x0028             MOVS     R0,R5
   \       0x46   0x....'....        BL       _ZN10led_driver12set_fadetimeEj
    128              
    129              _timer    = pTimer->get_ms() - _tout;
   \       0x4A   0x68E8             LDR      R0,[R5, #+12]
   \       0x4C   0x....'....        BL       _ZNK5Timer6get_msEv
   \       0x50   0x6A2A             LDR      R2,[R5, #+32]
   \       0x52   0x2300             MOVS     R3,#+0
   \       0x54   0x1A80             SUBS     R0,R0,R2
   \       0x56   0x4199             SBCS     R1,R1,R3
   \       0x58   0xE9C5 0x0106      STRD     R0,R1,[R5, #+24]
    130              
    131              _led = get_led_num(pin_2);       // пин 2 является управляющим сам по себе одним светодиодом - первым
   \       0x5C   0x0031             MOVS     R1,R6
   \       0x5E   0x0028             MOVS     R0,R5
   \       0x60   0x....'....        BL       _ZN10nrf_hw_pwm11get_led_numEj
   \       0x64   0xF885 0x002C      STRB     R0,[R5, #+44]
    132          
    133              _bright_val      = 0;
   \       0x68   0x2000             MOVS     R0,#+0
   \       0x6A   0x6328             STR      R0,[R5, #+48]
    134              _fade_dir = true;
   \       0x6C   0x2001             MOVS     R0,#+1
   \       0x6E   0xF885 0x002D      STRB     R0,[R5, #+45]
    135              _run      = false;
   \       0x72   0x2000             MOVS     R0,#+0
   \       0x74   0x7428             STRB     R0,[R5, #+16]
    136              _run_up   = false;
   \       0x76   0x2000             MOVS     R0,#+0
   \       0x78   0x7468             STRB     R0,[R5, #+17]
    137              _run_down = false;
   \       0x7A   0x2000             MOVS     R0,#+0
   \       0x7C   0x74A8             STRB     R0,[R5, #+18]
    138              
    139              _num_of_rptions = -1; 
   \       0x7E   0xF05F 0x30FF      MOVS     R0,#-1
   \       0x82   0x6168             STR      R0,[R5, #+20]
    140          
    141              set_chrg_bar(SHTDWN);
   \       0x84   0xF05F 0x31FF      MOVS     R1,#-1
   \       0x88   0x0028             MOVS     R0,R5
   \       0x8A   0x....'....        BL       _ZN10nrf_hw_pwm12set_chrg_barEs
    142          }
   \       0x8E   0x0028             MOVS     R0,R5
   \       0x90   0xE8BD 0x8FF2      POP      {R1,R4-R11,PC}   ;; return
    143          

   \                                 In section .text, align 2, keep-with-next
    144          void led_driver::go_power_down(void)
    145          {  
   \                     _ZN10led_driver13go_power_downEv: (+1)
   \        0x0   0xB538             PUSH     {R3-R5,LR}
   \        0x2   0x0004             MOVS     R4,R0
    146              for(uint8_t pwm = 0; pwm < HWPWM_MODULE_NUM; pwm++)
   \        0x4   0x2500             MOVS     R5,#+0
   \                     ??go_power_down_0: (+1)
   \        0x6   0x0028             MOVS     R0,R5
   \        0x8   0xB2C0             UXTB     R0,R0            ;; ZeroExt  R0,R0,#+24,#+24
   \        0xA   0x2804             CMP      R0,#+4
   \        0xC   0xDA06             BGE.N    ??go_power_down_1
    147              { nrf_hw_pwm::stop(pwm); }
   \        0xE   0x0029             MOVS     R1,R5
   \       0x10   0xB2C9             UXTB     R1,R1            ;; ZeroExt  R1,R1,#+24,#+24
   \       0x12   0x0020             MOVS     R0,R4
   \       0x14   0x....'....        BL       _ZN10nrf_hw_pwm4stopEh
   \       0x18   0x1C6D             ADDS     R5,R5,#+1
   \       0x1A   0xE7F4             B.N      ??go_power_down_0
    148          }
   \                     ??go_power_down_1: (+1)
   \       0x1C   0xBD31             POP      {R0,R4,R5,PC}    ;; return
    149          
    150          // функция рассичтывает период между инкрементацией свечения светодиода и  
    151          // шаг инкрементации, так чтобы уложиться во период времени за который 
    152          // свечение светодиода поднимется(или опустится) на заданную величину.

   \                                 In section .text, align 2, keep-with-next
    153          void led_driver::set_fadetime(uint32_t f_time)
    154          {       
   \                     _ZN10led_driver12set_fadetimeEj: (+1)
   \        0x0   0xB538             PUSH     {R3-R5,LR}
   \        0x2   0x0004             MOVS     R4,R0
   \        0x4   0x000D             MOVS     R5,R1
    155             volatile int nod;
    156            
    157              // рассчитываем наибольший общий делитель
    158              if( _max_val >= f_time)
   \        0x6   0x8CA0             LDRH     R0,[R4, #+36]
   \        0x8   0x42A8             CMP      R0,R5
   \        0xA   0xD315             BCC.N    ??set_fadetime_0
    159              {
    160                    nod = ::nod<int>((int)f_time,(int)_max_val);
   \        0xC   0x8CA1             LDRH     R1,[R4, #+36]
   \        0xE   0x0028             MOVS     R0,R5
   \       0x10   0x....'....        BL       _Z3nodIiET_S0_S0_
   \       0x14   0x9000             STR      R0,[SP, #+0]
    161                  _tout = (uint32_t)nod;
   \       0x16   0x9800             LDR      R0,[SP, #+0]
   \       0x18   0x6220             STR      R0,[R4, #+32]
    162                  _step = (uint8_t)round((double)(_max_val/(f_time/nod)));
   \       0x1A   0x9800             LDR      R0,[SP, #+0]
   \       0x1C   0xFBB5 0xF0F0      UDIV     R0,R5,R0
   \       0x20   0x8CA1             LDRH     R1,[R4, #+36]
   \       0x22   0xFBB1 0xF0F0      UDIV     R0,R1,R0
   \       0x26   0x....'....        BL       __aeabi_ui2d
   \       0x2A   0x....'....        BL       round
   \       0x2E   0x....'....        BL       __aeabi_d2iz
   \       0x32   0xF884 0x0026      STRB     R0,[R4, #+38]
   \       0x36   0xE014             B.N      ??set_fadetime_1
    163              }
    164              else
    165              {
    166                    nod = ::nod<int>((int)f_time,(int)_max_val);
   \                     ??set_fadetime_0: (+1)
   \       0x38   0x8CA1             LDRH     R1,[R4, #+36]
   \       0x3A   0x0028             MOVS     R0,R5
   \       0x3C   0x....'....        BL       _Z3nodIiET_S0_S0_
   \       0x40   0x9000             STR      R0,[SP, #+0]
    167                  _tout = (uint32_t)round((double)(f_time/(_max_val/nod)));
   \       0x42   0x8CA0             LDRH     R0,[R4, #+36]
   \       0x44   0x9900             LDR      R1,[SP, #+0]
   \       0x46   0xFB90 0xF0F1      SDIV     R0,R0,R1
   \       0x4A   0xFBB5 0xF0F0      UDIV     R0,R5,R0
   \       0x4E   0x....'....        BL       __aeabi_ui2d
   \       0x52   0x....'....        BL       round
   \       0x56   0x....'....        BL       __aeabi_d2uiz
   \       0x5A   0x6220             STR      R0,[R4, #+32]
    168                  _step = nod;
   \       0x5C   0x9800             LDR      R0,[SP, #+0]
   \       0x5E   0xF884 0x0026      STRB     R0,[R4, #+38]
    169              }
    170          }
   \                     ??set_fadetime_1: (+1)
   \       0x62   0xBD31             POP      {R0,R4,R5,PC}    ;; return
    171          

   \                                 In section .text, align 2, keep-with-next
    172          void led_driver::light_up() 
    173          {
   \                     _ZN10led_driver8light_upEv: (+1)
   \        0x0   0xB510             PUSH     {R4,LR}
   \        0x2   0x0004             MOVS     R4,R0
    174              __disable_interrupt();
   \        0x4   0xB672             CPSID    I
    175            
    176              _stop();    
   \        0x6   0x0020             MOVS     R0,R4
   \        0x8   0x....'....        BL       _ZN10led_driver5_stopEv
    177              write_chnl(_led, LIGHT_UP);
   \        0xC   0x2300             MOVS     R3,#+0
   \        0xE   0x22FF             MOVS     R2,#+255
   \       0x10   0xF894 0x102C      LDRB     R1,[R4, #+44]
   \       0x14   0x0020             MOVS     R0,R4
   \       0x16   0x....'....        BL       _ZN10nrf_hw_pwm10write_chnlEhjb
    178              
    179              __enable_interrupt();
   \       0x1A   0xB662             CPSIE    I
    180          } 
   \       0x1C   0xBD10             POP      {R4,PC}          ;; return
    181          
    182          // погасить светодиод полностью

   \                                 In section .text, align 2, keep-with-next
    183          void led_driver::turn_off() 
    184          {
   \                     _ZN10led_driver8turn_offEv: (+1)
   \        0x0   0xB510             PUSH     {R4,LR}
   \        0x2   0x0004             MOVS     R4,R0
    185              __disable_interrupt();
   \        0x4   0xB672             CPSID    I
    186            
    187              _stop();
   \        0x6   0x0020             MOVS     R0,R4
   \        0x8   0x....'....        BL       _ZN10led_driver5_stopEv
    188              write_chnl(_led, TURN_OFF); 
   \        0xC   0x2300             MOVS     R3,#+0
   \        0xE   0x2200             MOVS     R2,#+0
   \       0x10   0xF894 0x102C      LDRB     R1,[R4, #+44]
   \       0x14   0x0020             MOVS     R0,R4
   \       0x16   0x....'....        BL       _ZN10nrf_hw_pwm10write_chnlEhjb
    189              
    190              __enable_interrupt();
   \       0x1A   0xB662             CPSIE    I
    191          }
   \       0x1C   0xBD10             POP      {R4,PC}          ;; return
    192          
    193          // установить нужную яркость светодиода

   \                                 In section .text, align 2, keep-with-next
    194          void led_driver::bright_set(uint32_t value) 
    195          {   
   \                     _ZN10led_driver10bright_setEj: (+1)
   \        0x0   0xB538             PUSH     {R3-R5,LR}
   \        0x2   0x0004             MOVS     R4,R0
   \        0x4   0x000D             MOVS     R5,R1
    196              __disable_interrupt();
   \        0x6   0xB672             CPSID    I
    197          
    198              _stop(); 
   \        0x8   0x0020             MOVS     R0,R4
   \        0xA   0x....'....        BL       _ZN10led_driver5_stopEv
    199              _bright_val = value;
   \        0xE   0x6325             STR      R5,[R4, #+48]
    200              write_chnl(_led, value);
   \       0x10   0x2300             MOVS     R3,#+0
   \       0x12   0x002A             MOVS     R2,R5
   \       0x14   0xF894 0x102C      LDRB     R1,[R4, #+44]
   \       0x18   0x0020             MOVS     R0,R4
   \       0x1A   0x....'....        BL       _ZN10nrf_hw_pwm10write_chnlEhjb
    201              
    202              __enable_interrupt();
   \       0x1E   0xB662             CPSIE    I
    203          }
   \       0x20   0xBD31             POP      {R0,R4,R5,PC}    ;; return
    204          

   \                                 In section .text, align 2, keep-with-next
    205          void led_driver::run(void)
    206          { 
   \                     _ZN10led_driver3runEv: (+1)
   \        0x0   0xB510             PUSH     {R4,LR}
   \        0x2   0x0004             MOVS     R4,R0
    207              __disable_interrupt();
   \        0x4   0xB672             CPSID    I
    208            
    209              if (!_need_finish())
   \        0x6   0x0020             MOVS     R0,R4
   \        0x8   0x....'....        BL       _ZN10led_driver12_need_finishEv
   \        0xC   0x2800             CMP      R0,#+0
   \        0xE   0xD104             BNE.N    ??run_0
    210              {      
    211                _run = true;
   \       0x10   0x2001             MOVS     R0,#+1
   \       0x12   0x7420             STRB     R0,[R4, #+16]
    212                // запускаем на бесконечное количество вспышек
    213                _num_of_rptions = -1;
   \       0x14   0xF05F 0x30FF      MOVS     R0,#-1
   \       0x18   0x6160             STR      R0,[R4, #+20]
    214              }
    215              
    216              __enable_interrupt();
   \                     ??run_0: (+1)
   \       0x1A   0xB662             CPSIE    I
    217          } 
   \       0x1C   0xBD10             POP      {R4,PC}          ;; return
    218          

   \                                 In section .text, align 2, keep-with-next
    219          void led_driver::run(int repetitions)
    220          { 
    221              __disable_interrupt();
   \                     _ZN10led_driver3runEi: (+1)
   \        0x0   0xB672             CPSID    I
    222              
    223              // не запускаем драйвер если не 
    224              // отработаны повторы с предыдущей команды запуска.
    225              if (_num_of_rptions < 0)
   \        0x2   0x6942             LDR      R2,[R0, #+20]
   \        0x4   0x2A00             CMP      R2,#+0
   \        0x6   0xD502             BPL.N    ??run_1
    226              {
    227                  _num_of_rptions = repetitions;
   \        0x8   0x6141             STR      R1,[R0, #+20]
    228              
    229                  _run = true;
   \        0xA   0x2201             MOVS     R2,#+1
   \        0xC   0x7402             STRB     R2,[R0, #+16]
    230              }
    231              
    232              __enable_interrupt();
   \                     ??run_1: (+1)
   \        0xE   0xB662             CPSIE    I
    233          }
   \       0x10   0x4770             BX       LR               ;; return
    234          

   \                                 In section .text, align 2, keep-with-next
    235          void led_driver::run_up(void)
    236          { 
   \                     _ZN10led_driver6run_upEv: (+1)
   \        0x0   0xB510             PUSH     {R4,LR}
   \        0x2   0x0004             MOVS     R4,R0
    237              __disable_interrupt();
   \        0x4   0xB672             CPSID    I
    238            
    239              // если не требуется завершения предыдущей команды
    240              if (!_need_finish())
   \        0x6   0x0020             MOVS     R0,R4
   \        0x8   0x....'....        BL       _ZN10led_driver12_need_finishEv
   \        0xC   0x2800             CMP      R0,#+0
   \        0xE   0xD105             BNE.N    ??run_up_0
    241              { 
    242                  if(_bright_val < _max_val)    
   \       0x10   0x6B20             LDR      R0,[R4, #+48]
   \       0x12   0x8CA1             LDRH     R1,[R4, #+36]
   \       0x14   0x4288             CMP      R0,R1
   \       0x16   0xDA01             BGE.N    ??run_up_0
    243                  _run_up = true;
   \       0x18   0x2001             MOVS     R0,#+1
   \       0x1A   0x7460             STRB     R0,[R4, #+17]
    244              }
    245              
    246              __enable_interrupt();
   \                     ??run_up_0: (+1)
   \       0x1C   0xB662             CPSIE    I
    247          } 
   \       0x1E   0xBD10             POP      {R4,PC}          ;; return
    248          

   \                                 In section .text, align 2, keep-with-next
    249          void led_driver::run_down(void)
    250          { 
   \                     _ZN10led_driver8run_downEv: (+1)
   \        0x0   0xB510             PUSH     {R4,LR}
   \        0x2   0x0004             MOVS     R4,R0
    251              __disable_interrupt();
   \        0x4   0xB672             CPSID    I
    252              
    253              // если не требуется завершения предыдущей команды
    254              if (!_need_finish())
   \        0x6   0x0020             MOVS     R0,R4
   \        0x8   0x....'....        BL       _ZN10led_driver12_need_finishEv
   \        0xC   0x2800             CMP      R0,#+0
   \        0xE   0xD104             BNE.N    ??run_down_0
    255              { 
    256                  // Закомментил: уменьшаем с текущего значения яркости
    257                  //_bright_val = _max_val;
    258                if(_bright_val > 0)
   \       0x10   0x6B20             LDR      R0,[R4, #+48]
   \       0x12   0x2801             CMP      R0,#+1
   \       0x14   0xDB01             BLT.N    ??run_down_0
    259                  _run_down = true;
   \       0x16   0x2001             MOVS     R0,#+1
   \       0x18   0x74A0             STRB     R0,[R4, #+18]
    260              }
    261              
    262              __enable_interrupt();
   \                     ??run_down_0: (+1)
   \       0x1A   0xB662             CPSIE    I
    263          } 
   \       0x1C   0xBD10             POP      {R4,PC}          ;; return
    264          

   \                                 In section .text, align 2, keep-with-next
    265          void led_driver::_stop(void)   
    266          {  
   \                     _ZN10led_driver5_stopEv: (+1)
   \        0x0   0xB510             PUSH     {R4,LR}
   \        0x2   0x0004             MOVS     R4,R0
    267              _num_of_rptions = -1;
   \        0x4   0xF05F 0x30FF      MOVS     R0,#-1
   \        0x8   0x6160             STR      R0,[R4, #+20]
    268          
    269              _run        = false;
   \        0xA   0x2000             MOVS     R0,#+0
   \        0xC   0x7420             STRB     R0,[R4, #+16]
    270              _run_up     = false;
   \        0xE   0x2000             MOVS     R0,#+0
   \       0x10   0x7460             STRB     R0,[R4, #+17]
    271              _run_down   = false;
   \       0x12   0x2000             MOVS     R0,#+0
   \       0x14   0x74A0             STRB     R0,[R4, #+18]
    272          
    273              _timer   = pTimer->get_ms() - _tout;
   \       0x16   0x68E0             LDR      R0,[R4, #+12]
   \       0x18   0x....'....        BL       _ZNK5Timer6get_msEv
   \       0x1C   0x6A22             LDR      R2,[R4, #+32]
   \       0x1E   0x2300             MOVS     R3,#+0
   \       0x20   0x1A80             SUBS     R0,R0,R2
   \       0x22   0x4199             SBCS     R1,R1,R3
   \       0x24   0xE9C4 0x0106      STRD     R0,R1,[R4, #+24]
    274          
    275              _bright_val     = 0;
   \       0x28   0x2000             MOVS     R0,#+0
   \       0x2A   0x6320             STR      R0,[R4, #+48]
    276              _fade_dir = true;
   \       0x2C   0x2001             MOVS     R0,#+1
   \       0x2E   0xF884 0x002D      STRB     R0,[R4, #+45]
    277              
    278          }
   \       0x32   0xBD10             POP      {R4,PC}          ;; return
    279          

   \                                 In section .text, align 2, keep-with-next
    280          bool led_driver::handle(void) 
    281          {  
   \                     _ZN10led_driver6handleEv: (+1)
   \        0x0   0xB538             PUSH     {R3-R5,LR}
   \        0x2   0x0004             MOVS     R4,R0
    282               bool result = false;
   \        0x4   0x2500             MOVS     R5,#+0
    283          
    284              if(_fade())
   \        0x6   0x0020             MOVS     R0,R4
   \        0x8   0x....'....        BL       _ZN10led_driver5_fadeEv
   \        0xC   0x2800             CMP      R0,#+0
   \        0xE   0xD001             BEQ.N    ??handle_0
    285                  result = true;
   \       0x10   0x2001             MOVS     R0,#+1
   \       0x12   0x0005             MOVS     R5,R0
    286              if(_fade_up())
   \                     ??handle_0: (+1)
   \       0x14   0x0020             MOVS     R0,R4
   \       0x16   0x....'....        BL       _ZN10led_driver8_fade_upEv
   \       0x1A   0x2800             CMP      R0,#+0
   \       0x1C   0xD001             BEQ.N    ??handle_1
    287                  result = true;
   \       0x1E   0x2001             MOVS     R0,#+1
   \       0x20   0x0005             MOVS     R5,R0
    288              if(_fade_down())
   \                     ??handle_1: (+1)
   \       0x22   0x0020             MOVS     R0,R4
   \       0x24   0x....'....        BL       _ZN10led_driver10_fade_downEv
   \       0x28   0x2800             CMP      R0,#+0
   \       0x2A   0xD001             BEQ.N    ??handle_2
    289                  result = true;
   \       0x2C   0x2001             MOVS     R0,#+1
   \       0x2E   0x0005             MOVS     R5,R0
    290          
    291              return result;
   \                     ??handle_2: (+1)
   \       0x30   0x0028             MOVS     R0,R5
   \       0x32   0xB2C0             UXTB     R0,R0            ;; ZeroExt  R0,R0,#+24,#+24
   \       0x34   0xBD32             POP      {R1,R4,R5,PC}    ;; return
    292          }
    293          
    294          // размещается в прерывании.

   \                                 In section .text, align 2, keep-with-next
    295          bool led_driver::_fade(void)   
    296          {   
   \                     _ZN10led_driver5_fadeEv: (+1)
   \        0x0   0xB5F8             PUSH     {R3-R7,LR}
   \        0x2   0x0004             MOVS     R4,R0
    297              bool result = false;
   \        0x4   0x2500             MOVS     R5,#+0
    298          
    299              if(_run)
   \        0x6   0x7C20             LDRB     R0,[R4, #+16]
   \        0x8   0x2800             CMP      R0,#+0
   \        0xA   0xD06A             BEQ.N    ??_fade_0
    300              {
    301                  result = true;
   \        0xC   0x2001             MOVS     R0,#+1
   \        0xE   0x0005             MOVS     R5,R0
    302          
    303                  if (pTimer->get_ms() - _timer > (uint64_t)_tout)
   \       0x10   0x68E0             LDR      R0,[R4, #+12]
   \       0x12   0x....'....        BL       _ZNK5Timer6get_msEv
   \       0x16   0x6A22             LDR      R2,[R4, #+32]
   \       0x18   0x2300             MOVS     R3,#+0
   \       0x1A   0xE9D4 0x6706      LDRD     R6,R7,[R4, #+24]
   \       0x1E   0x1B80             SUBS     R0,R0,R6
   \       0x20   0x41B9             SBCS     R1,R1,R7
   \       0x22   0x428B             CMP      R3,R1
   \       0x24   0xD85D             BHI.N    ??_fade_0
   \       0x26   0xD301             BCC.N    ??_fade_1
   \       0x28   0x4282             CMP      R2,R0
   \       0x2A   0xD25A             BCS.N    ??_fade_0
    304                  {
    305                       if(_fade_dir)
   \                     ??_fade_1: (+1)
   \       0x2C   0xF894 0x002D      LDRB     R0,[R4, #+45]
   \       0x30   0x2800             CMP      R0,#+0
   \       0x32   0xD023             BEQ.N    ??_fade_2
    306                       {
    307                           _bright_val += (int)_step;
   \       0x34   0x6B20             LDR      R0,[R4, #+48]
   \       0x36   0xF894 0x1026      LDRB     R1,[R4, #+38]
   \       0x3A   0x1840             ADDS     R0,R0,R1
   \       0x3C   0x6320             STR      R0,[R4, #+48]
    308                           if(_bright_val < (int)_max_val )
   \       0x3E   0x6B20             LDR      R0,[R4, #+48]
   \       0x40   0x8CA1             LDRH     R1,[R4, #+36]
   \       0x42   0x4288             CMP      R0,R1
   \       0x44   0xDA07             BGE.N    ??_fade_3
    309                           { write_chnl(_led,_bright_val); }
   \       0x46   0x2300             MOVS     R3,#+0
   \       0x48   0x6B22             LDR      R2,[R4, #+48]
   \       0x4A   0xF894 0x102C      LDRB     R1,[R4, #+44]
   \       0x4E   0x0020             MOVS     R0,R4
   \       0x50   0x....'....        BL       _ZN10nrf_hw_pwm10write_chnlEhjb
   \       0x54   0xE040             B.N      ??_fade_4
    310                           else
    311                           { 
    312                               _bright_val = (int)_max_val;
   \                     ??_fade_3: (+1)
   \       0x56   0x8CA0             LDRH     R0,[R4, #+36]
   \       0x58   0x6320             STR      R0,[R4, #+48]
    313                               write_chnl(_led,_bright_val);
   \       0x5A   0x2300             MOVS     R3,#+0
   \       0x5C   0x6B22             LDR      R2,[R4, #+48]
   \       0x5E   0xF894 0x102C      LDRB     R1,[R4, #+44]
   \       0x62   0x0020             MOVS     R0,R4
   \       0x64   0x....'....        BL       _ZN10nrf_hw_pwm10write_chnlEhjb
    314                               _fade_dir = !_fade_dir;
   \       0x68   0xF894 0x002D      LDRB     R0,[R4, #+45]
   \       0x6C   0x2800             CMP      R0,#+0
   \       0x6E   0xD101             BNE.N    ??_fade_5
   \       0x70   0x2001             MOVS     R0,#+1
   \       0x72   0xE000             B.N      ??_fade_6
   \                     ??_fade_5: (+1)
   \       0x74   0x2000             MOVS     R0,#+0
   \                     ??_fade_6: (+1)
   \       0x76   0xF884 0x002D      STRB     R0,[R4, #+45]
   \       0x7A   0xE02D             B.N      ??_fade_4
    315                           }
    316                       }
    317                       else
    318                       { 
    319                           _bright_val -= (int)_step;
   \                     ??_fade_2: (+1)
   \       0x7C   0x6B21             LDR      R1,[R4, #+48]
   \       0x7E   0xF894 0x0026      LDRB     R0,[R4, #+38]
   \       0x82   0x1A09             SUBS     R1,R1,R0
   \       0x84   0x6321             STR      R1,[R4, #+48]
    320                           if(_bright_val > 0 )
   \       0x86   0x6B20             LDR      R0,[R4, #+48]
   \       0x88   0x2801             CMP      R0,#+1
   \       0x8A   0xDB07             BLT.N    ??_fade_7
    321                           { write_chnl(_led,_bright_val); }
   \       0x8C   0x2300             MOVS     R3,#+0
   \       0x8E   0x6B22             LDR      R2,[R4, #+48]
   \       0x90   0xF894 0x102C      LDRB     R1,[R4, #+44]
   \       0x94   0x0020             MOVS     R0,R4
   \       0x96   0x....'....        BL       _ZN10nrf_hw_pwm10write_chnlEhjb
   \       0x9A   0xE01D             B.N      ??_fade_4
    322                           else
    323                           { 
    324                               _bright_val = 0;
   \                     ??_fade_7: (+1)
   \       0x9C   0x2000             MOVS     R0,#+0
   \       0x9E   0x6320             STR      R0,[R4, #+48]
    325                               write_chnl(_led,_bright_val);
   \       0xA0   0x2300             MOVS     R3,#+0
   \       0xA2   0x6B22             LDR      R2,[R4, #+48]
   \       0xA4   0xF894 0x102C      LDRB     R1,[R4, #+44]
   \       0xA8   0x0020             MOVS     R0,R4
   \       0xAA   0x....'....        BL       _ZN10nrf_hw_pwm10write_chnlEhjb
    326                               _fade_dir = !_fade_dir;
   \       0xAE   0xF894 0x002D      LDRB     R0,[R4, #+45]
   \       0xB2   0x2800             CMP      R0,#+0
   \       0xB4   0xD101             BNE.N    ??_fade_8
   \       0xB6   0x2001             MOVS     R0,#+1
   \       0xB8   0xE000             B.N      ??_fade_9
   \                     ??_fade_8: (+1)
   \       0xBA   0x2000             MOVS     R0,#+0
   \                     ??_fade_9: (+1)
   \       0xBC   0xF884 0x002D      STRB     R0,[R4, #+45]
    327            
    328                               if(--_num_of_rptions == 0)
   \       0xC0   0x6960             LDR      R0,[R4, #+20]
   \       0xC2   0x1E40             SUBS     R0,R0,#+1
   \       0xC4   0x6160             STR      R0,[R4, #+20]
   \       0xC6   0x6960             LDR      R0,[R4, #+20]
   \       0xC8   0x2800             CMP      R0,#+0
   \       0xCA   0xD105             BNE.N    ??_fade_4
    329                               {   
    330                                  _stop();
   \       0xCC   0x0020             MOVS     R0,R4
   \       0xCE   0x....'....        BL       _ZN10led_driver5_stopEv
    331            
    332                                  return result;
   \       0xD2   0x0028             MOVS     R0,R5
   \       0xD4   0xB2C0             UXTB     R0,R0            ;; ZeroExt  R0,R0,#+24,#+24
   \       0xD6   0xE006             B.N      ??_fade_10
    333                               }
    334                           }
    335                       }
    336                       
    337                       _timer = pTimer->get_ms();
   \                     ??_fade_4: (+1)
   \       0xD8   0x68E0             LDR      R0,[R4, #+12]
   \       0xDA   0x....'....        BL       _ZNK5Timer6get_msEv
   \       0xDE   0xE9C4 0x0106      STRD     R0,R1,[R4, #+24]
    338                  }
    339              }
    340          
    341              return result;
   \                     ??_fade_0: (+1)
   \       0xE2   0x0028             MOVS     R0,R5
   \       0xE4   0xB2C0             UXTB     R0,R0            ;; ZeroExt  R0,R0,#+24,#+24
   \                     ??_fade_10: (+1)
   \       0xE6   0xBDF2             POP      {R1,R4-R7,PC}    ;; return
    342          }  
    343          
    344          // размещается в прерывании.

   \                                 In section .text, align 2, keep-with-next
    345          bool led_driver::_fade_up(void)   
    346          {   
   \                     _ZN10led_driver8_fade_upEv: (+1)
   \        0x0   0xB5F8             PUSH     {R3-R7,LR}
   \        0x2   0x0004             MOVS     R4,R0
    347              bool result = false;
   \        0x4   0x2500             MOVS     R5,#+0
    348          
    349              if(_run_up)
   \        0x6   0x7C60             LDRB     R0,[R4, #+17]
   \        0x8   0x2800             CMP      R0,#+0
   \        0xA   0xD03D             BEQ.N    ??_fade_up_0
    350              {
    351                  result = true;
   \        0xC   0x2001             MOVS     R0,#+1
   \        0xE   0x0005             MOVS     R5,R0
    352          
    353                  if (pTimer->get_ms() - _timer > (uint64_t)_tout)
   \       0x10   0x68E0             LDR      R0,[R4, #+12]
   \       0x12   0x....'....        BL       _ZNK5Timer6get_msEv
   \       0x16   0x6A22             LDR      R2,[R4, #+32]
   \       0x18   0x2300             MOVS     R3,#+0
   \       0x1A   0xE9D4 0x6706      LDRD     R6,R7,[R4, #+24]
   \       0x1E   0x1B80             SUBS     R0,R0,R6
   \       0x20   0x41B9             SBCS     R1,R1,R7
   \       0x22   0x428B             CMP      R3,R1
   \       0x24   0xD830             BHI.N    ??_fade_up_0
   \       0x26   0xD301             BCC.N    ??_fade_up_1
   \       0x28   0x4282             CMP      R2,R0
   \       0x2A   0xD22D             BCS.N    ??_fade_up_0
    354                  {
    355                      _bright_val += (int)_step;
   \                     ??_fade_up_1: (+1)
   \       0x2C   0x6B20             LDR      R0,[R4, #+48]
   \       0x2E   0xF894 0x1026      LDRB     R1,[R4, #+38]
   \       0x32   0x1840             ADDS     R0,R0,R1
   \       0x34   0x6320             STR      R0,[R4, #+48]
    356          
    357                      if(_bright_val < (int)_max_val )
   \       0x36   0x6B20             LDR      R0,[R4, #+48]
   \       0x38   0x8CA1             LDRH     R1,[R4, #+36]
   \       0x3A   0x4288             CMP      R0,R1
   \       0x3C   0xDA07             BGE.N    ??_fade_up_2
    358                      { write_chnl(_led,_bright_val); }
   \       0x3E   0x2300             MOVS     R3,#+0
   \       0x40   0x6B22             LDR      R2,[R4, #+48]
   \       0x42   0xF894 0x102C      LDRB     R1,[R4, #+44]
   \       0x46   0x0020             MOVS     R0,R4
   \       0x48   0x....'....        BL       _ZN10nrf_hw_pwm10write_chnlEhjb
   \       0x4C   0xE00A             B.N      ??_fade_up_3
    359                      else
    360                      { 
    361                          _bright_val = (int)_max_val;
   \                     ??_fade_up_2: (+1)
   \       0x4E   0x8CA0             LDRH     R0,[R4, #+36]
   \       0x50   0x6320             STR      R0,[R4, #+48]
    362                          write_chnl(_led,_bright_val);
   \       0x52   0x2300             MOVS     R3,#+0
   \       0x54   0x6B22             LDR      R2,[R4, #+48]
   \       0x56   0xF894 0x102C      LDRB     R1,[R4, #+44]
   \       0x5A   0x0020             MOVS     R0,R4
   \       0x5C   0x....'....        BL       _ZN10nrf_hw_pwm10write_chnlEhjb
    363          
    364                          _run_up = false;
   \       0x60   0x2000             MOVS     R0,#+0
   \       0x62   0x7460             STRB     R0,[R4, #+17]
    365                      }
    366          
    367                      if(_run_up == false)
   \                     ??_fade_up_3: (+1)
   \       0x64   0x7C60             LDRB     R0,[R4, #+17]
   \       0x66   0x2800             CMP      R0,#+0
   \       0x68   0xD109             BNE.N    ??_fade_up_4
    368                      { _timer   = pTimer->get_ms() - (uint64_t)_tout; }
   \       0x6A   0x68E0             LDR      R0,[R4, #+12]
   \       0x6C   0x....'....        BL       _ZNK5Timer6get_msEv
   \       0x70   0x6A22             LDR      R2,[R4, #+32]
   \       0x72   0x2300             MOVS     R3,#+0
   \       0x74   0x1A80             SUBS     R0,R0,R2
   \       0x76   0x4199             SBCS     R1,R1,R3
   \       0x78   0xE9C4 0x0106      STRD     R0,R1,[R4, #+24]
   \       0x7C   0xE004             B.N      ??_fade_up_0
    369                      else
    370                      { _timer   = pTimer->get_ms(); }            
   \                     ??_fade_up_4: (+1)
   \       0x7E   0x68E0             LDR      R0,[R4, #+12]
   \       0x80   0x....'....        BL       _ZNK5Timer6get_msEv
   \       0x84   0xE9C4 0x0106      STRD     R0,R1,[R4, #+24]
    371                  }
    372              }
    373          
    374              return result;
   \                     ??_fade_up_0: (+1)
   \       0x88   0x0028             MOVS     R0,R5
   \       0x8A   0xB2C0             UXTB     R0,R0            ;; ZeroExt  R0,R0,#+24,#+24
   \       0x8C   0xBDF2             POP      {R1,R4-R7,PC}    ;; return
    375          } 
    376          
    377          // размещается в прерывании.

   \                                 In section .text, align 2, keep-with-next
    378          bool led_driver::_fade_down(void)   
    379          {   
   \                     _ZN10led_driver10_fade_downEv: (+1)
   \        0x0   0xB5F8             PUSH     {R3-R7,LR}
   \        0x2   0x0004             MOVS     R4,R0
    380              bool result = false;
   \        0x4   0x2500             MOVS     R5,#+0
    381          
    382              if(_run_down)
   \        0x6   0x7CA0             LDRB     R0,[R4, #+18]
   \        0x8   0x2800             CMP      R0,#+0
   \        0xA   0xD03C             BEQ.N    ??_fade_down_0
    383              {
    384                  result = true;
   \        0xC   0x2001             MOVS     R0,#+1
   \        0xE   0x0005             MOVS     R5,R0
    385          
    386                  if (pTimer->get_ms() - _timer > (uint64_t)_tout)
   \       0x10   0x68E0             LDR      R0,[R4, #+12]
   \       0x12   0x....'....        BL       _ZNK5Timer6get_msEv
   \       0x16   0x6A22             LDR      R2,[R4, #+32]
   \       0x18   0x2300             MOVS     R3,#+0
   \       0x1A   0xE9D4 0x6706      LDRD     R6,R7,[R4, #+24]
   \       0x1E   0x1B80             SUBS     R0,R0,R6
   \       0x20   0x41B9             SBCS     R1,R1,R7
   \       0x22   0x428B             CMP      R3,R1
   \       0x24   0xD82F             BHI.N    ??_fade_down_0
   \       0x26   0xD301             BCC.N    ??_fade_down_1
   \       0x28   0x4282             CMP      R2,R0
   \       0x2A   0xD22C             BCS.N    ??_fade_down_0
    387                  {
    388                      _bright_val -= (int)_step;
   \                     ??_fade_down_1: (+1)
   \       0x2C   0x6B21             LDR      R1,[R4, #+48]
   \       0x2E   0xF894 0x0026      LDRB     R0,[R4, #+38]
   \       0x32   0x1A09             SUBS     R1,R1,R0
   \       0x34   0x6321             STR      R1,[R4, #+48]
    389          
    390                      if(_bright_val > 0 )
   \       0x36   0x6B20             LDR      R0,[R4, #+48]
   \       0x38   0x2801             CMP      R0,#+1
   \       0x3A   0xDB07             BLT.N    ??_fade_down_2
    391                      { write_chnl(_led,_bright_val); }
   \       0x3C   0x2300             MOVS     R3,#+0
   \       0x3E   0x6B22             LDR      R2,[R4, #+48]
   \       0x40   0xF894 0x102C      LDRB     R1,[R4, #+44]
   \       0x44   0x0020             MOVS     R0,R4
   \       0x46   0x....'....        BL       _ZN10nrf_hw_pwm10write_chnlEhjb
   \       0x4A   0xE00A             B.N      ??_fade_down_3
    392                      else
    393                      { 
    394                          _bright_val = 0;
   \                     ??_fade_down_2: (+1)
   \       0x4C   0x2000             MOVS     R0,#+0
   \       0x4E   0x6320             STR      R0,[R4, #+48]
    395          
    396                          write_chnl(_led,_bright_val); 
   \       0x50   0x2300             MOVS     R3,#+0
   \       0x52   0x6B22             LDR      R2,[R4, #+48]
   \       0x54   0xF894 0x102C      LDRB     R1,[R4, #+44]
   \       0x58   0x0020             MOVS     R0,R4
   \       0x5A   0x....'....        BL       _ZN10nrf_hw_pwm10write_chnlEhjb
    397          
    398                          _run_down = false;
   \       0x5E   0x2000             MOVS     R0,#+0
   \       0x60   0x74A0             STRB     R0,[R4, #+18]
    399                      }
    400                       
    401                      if(_run_down == false)
   \                     ??_fade_down_3: (+1)
   \       0x62   0x7CA0             LDRB     R0,[R4, #+18]
   \       0x64   0x2800             CMP      R0,#+0
   \       0x66   0xD109             BNE.N    ??_fade_down_4
    402                      { _timer   = pTimer->get_ms() - (uint64_t)_tout; }
   \       0x68   0x68E0             LDR      R0,[R4, #+12]
   \       0x6A   0x....'....        BL       _ZNK5Timer6get_msEv
   \       0x6E   0x6A22             LDR      R2,[R4, #+32]
   \       0x70   0x2300             MOVS     R3,#+0
   \       0x72   0x1A80             SUBS     R0,R0,R2
   \       0x74   0x4199             SBCS     R1,R1,R3
   \       0x76   0xE9C4 0x0106      STRD     R0,R1,[R4, #+24]
   \       0x7A   0xE004             B.N      ??_fade_down_0
    403                      else
    404                      { _timer   = pTimer->get_ms(); } 
   \                     ??_fade_down_4: (+1)
   \       0x7C   0x68E0             LDR      R0,[R4, #+12]
   \       0x7E   0x....'....        BL       _ZNK5Timer6get_msEv
   \       0x82   0xE9C4 0x0106      STRD     R0,R1,[R4, #+24]
    405                  }
    406              }
    407          
    408              return result;
   \                     ??_fade_down_0: (+1)
   \       0x86   0x0028             MOVS     R0,R5
   \       0x88   0xB2C0             UXTB     R0,R0            ;; ZeroExt  R0,R0,#+24,#+24
   \       0x8A   0xBDF2             POP      {R1,R4-R7,PC}    ;; return
    409          } 
    410          

   \                                 In section .text, align 2, keep-with-next
    411          bool led_driver::_need_finish(void)
    412          {
   \                     _ZN10led_driver12_need_finishEv: (+1)
   \        0x0   0x0001             MOVS     R1,R0
    413              if ( _num_of_rptions > 1)
   \        0x2   0x6948             LDR      R0,[R1, #+20]
   \        0x4   0x2802             CMP      R0,#+2
   \        0x6   0xDB03             BLT.N    ??_need_finish_0
    414              { 
    415                  // драйвер запущен на несколько повторений или
    416                  // на бесконечное количество делаем это последним
    417                  _num_of_rptions = 1;
   \        0x8   0x2001             MOVS     R0,#+1
   \        0xA   0x6148             STR      R0,[R1, #+20]
    418                  return true;
   \        0xC   0x2001             MOVS     R0,#+1
   \        0xE   0xE010             B.N      ??_need_finish_1
    419              } 
    420              else
    421              if ( _run_up || _run_down )
   \                     ??_need_finish_0: (+1)
   \       0x10   0x7C48             LDRB     R0,[R1, #+17]
   \       0x12   0x2800             CMP      R0,#+0
   \       0x14   0xD102             BNE.N    ??_need_finish_2
   \       0x16   0x7C88             LDRB     R0,[R1, #+18]
   \       0x18   0x2800             CMP      R0,#+0
   \       0x1A   0xD001             BEQ.N    ??_need_finish_3
    422              {   
    423                  // даем завершиться восходящему или нисходящему градиенту
    424                  return true; 
   \                     ??_need_finish_2: (+1)
   \       0x1C   0x2001             MOVS     R0,#+1
   \       0x1E   0xE008             B.N      ??_need_finish_1
    425              }
    426              else
    427              if (_run &&( _num_of_rptions < 0))
   \                     ??_need_finish_3: (+1)
   \       0x20   0x7C08             LDRB     R0,[R1, #+16]
   \       0x22   0x2800             CMP      R0,#+0
   \       0x24   0xD004             BEQ.N    ??_need_finish_4
   \       0x26   0x6948             LDR      R0,[R1, #+20]
   \       0x28   0x2800             CMP      R0,#+0
   \       0x2A   0xD501             BPL.N    ??_need_finish_4
    428              {
    429                  // выключаем только по отдельному запуску turn_off() в цикле если запущен
    430                  // на бесконечный повтор
    431                  //turn_off();
    432                  return true;
   \       0x2C   0x2001             MOVS     R0,#+1
   \       0x2E   0xE000             B.N      ??_need_finish_1
    433              }
    434              else
    435              { 
    436                  return false;
   \                     ??_need_finish_4: (+1)
   \       0x30   0x2000             MOVS     R0,#+0
   \                     ??_need_finish_1: (+1)
   \       0x32   0x4770             BX       LR               ;; return
    437              }  
    438          }
    439          

   \                                 In section .text, align 2, keep-with-next
    440          uint8_t led_drivers_handle(void)
    441          {
   \                     _Z18led_drivers_handlev: (+1)
   \        0x0   0xB570             PUSH     {R4-R6,LR}
    442              bool busy = false;
   \        0x2   0x2400             MOVS     R4,#+0
    443              uint8_t  result = 0;
   \        0x4   0x2500             MOVS     R5,#+0
    444              
    445             //обработка драйверов светодиодов
    446             for ( uint32_t i = 0; i < LEDS_NUM; i++)
   \        0x6   0x2600             MOVS     R6,#+0
   \                     ??led_drivers_handle_0: (+1)
   \        0x8   0x2E08             CMP      R6,#+8
   \        0xA   0xD212             BCS.N    ??led_drivers_handle_1
    447             { 
    448                if(led_list[i] != NULL)
   \        0xC   0x....             LDR.N    R1,??DataTable2_8
   \        0xE   0xF851 0x0026      LDR      R0,[R1, R6, LSL #+2]
   \       0x12   0x2800             CMP      R0,#+0
   \       0x14   0xD004             BEQ.N    ??led_drivers_handle_2
    449                { busy = led_list[i]->handle(); } 
   \       0x16   0xF851 0x0026      LDR      R0,[R1, R6, LSL #+2]
   \       0x1A   0x....'....        BL       _ZN10led_driver6handleEv
   \       0x1E   0x0004             MOVS     R4,R0
    450                 
    451                // защелкиваем защелку       
    452                if(busy)
   \                     ??led_drivers_handle_2: (+1)
   \       0x20   0x0020             MOVS     R0,R4
   \       0x22   0xB2C0             UXTB     R0,R0            ;; ZeroExt  R0,R0,#+24,#+24
   \       0x24   0x2800             CMP      R0,#+0
   \       0x26   0xD002             BEQ.N    ??led_drivers_handle_3
    453                { 
    454                    busy = false;
   \       0x28   0x2000             MOVS     R0,#+0
   \       0x2A   0x0004             MOVS     R4,R0
    455                    result++;
   \       0x2C   0x1C6D             ADDS     R5,R5,#+1
    456                }
    457             }
   \                     ??led_drivers_handle_3: (+1)
   \       0x2E   0x1C76             ADDS     R6,R6,#+1
   \       0x30   0xE7EA             B.N      ??led_drivers_handle_0
    458          
    459             // флажок нужен для того чтобы показать 
    460             // сколько светодиодов сейчас обрабатываеться
    461             return result;
   \                     ??led_drivers_handle_1: (+1)
   \       0x32   0x0028             MOVS     R0,R5
   \       0x34   0xB2C0             UXTB     R0,R0            ;; ZeroExt  R0,R0,#+24,#+24
   \       0x36   0xBD70             POP      {R4-R6,PC}       ;; return
    462          }

   \                                 In section .text, align 4, keep-with-next
   \                     ??DataTable2:
   \        0x0   0x....'....        DC32     led_2_port_list

   \                                 In section .text, align 4, keep-with-next
   \                     ??DataTable2_1:
   \        0x0   0x....'....        DC32     sys_timer

   \                                 In section .text, align 4, keep-with-next
   \                     ??DataTable2_2:
   \        0x0   0x....'....        DC32     charge_bar

   \                                 In section .text, align 4, keep-with-next
   \                     ??DataTable2_3:
   \        0x0   0x....'....        DC32     red_led

   \                                 In section .text, align 4, keep-with-next
   \                     ??DataTable2_4:
   \        0x0   0x....'....        DC32     green_led

   \                                 In section .text, align 4, keep-with-next
   \                     ??DataTable2_5:
   \        0x0   0x....'....        DC32     bl_btn_led

   \                                 In section .text, align 4, keep-with-next
   \                     ??DataTable2_6:
   \        0x0   0x....'....        DC32     btn_pr_led

   \                                 In section .text, align 4, keep-with-next
   \                     ??DataTable2_7:
   \        0x0   0x....'....        DC32     kb_led

   \                                 In section .text, align 4, keep-with-next
   \                     ??DataTable2_8:
   \        0x0   0x....'....        DC32     led_list
    463          

   Maximum stack usage in bytes:

   .cstack Function
   ------- --------
      32   __sti__routine()
        32   -> led_driver::led_driver(uint32_t, Timer *, uint16_t, uint32_t)
        32   -> led_driver::led_driver(uint32_t, uint32_t, uint32_t, uint16_t, Timer *, uint16_t, uint32_t)
      24   led_driver::_fade()
        24   -> Timer::get_ms() const
        24   -> led_driver::_stop()
        24   -> nrf_hw_pwm::write_chnl(uint8_t, uint32_t, bool)
      24   led_driver::_fade_down()
        24   -> Timer::get_ms() const
        24   -> nrf_hw_pwm::write_chnl(uint8_t, uint32_t, bool)
      24   led_driver::_fade_up()
        24   -> Timer::get_ms() const
        24   -> nrf_hw_pwm::write_chnl(uint8_t, uint32_t, bool)
       0   led_driver::_need_finish()
       8   led_driver::_stop()
         8   -> Timer::get_ms() const
      16   led_driver::bright_set(uint32_t)
        16   -> led_driver::_stop()
        16   -> nrf_hw_pwm::write_chnl(uint8_t, uint32_t, bool)
      16   led_driver::go_power_down()
        16   -> nrf_hw_pwm::stop(uint8_t)
      16   led_driver::handle()
        16   -> led_driver::_fade()
        16   -> led_driver::_fade_down()
        16   -> led_driver::_fade_up()
      24   led_driver::led_driver(uint32_t, Timer *, uint16_t, uint32_t)
        24   -> Timer::get_ms() const
        24   -> led_driver::set_fadetime(uint32_t)
        24   -> nrf_hw_pwm::add_pin(uint32_t)
        24   -> nrf_hw_pwm::get_led_num(uint32_t)
        24   -> nrf_hw_pwm::subobject nrf_hw_pwm()
      40   led_driver::led_driver(uint32_t, uint32_t, uint32_t, uint16_t, Timer *, uint16_t, uint32_t)
        40   -> Timer::get_ms() const
        40   -> led_driver::set_fadetime(uint32_t)
        40   -> nrf_hw_pwm::get_led_num(uint32_t)
        40   -> nrf_hw_pwm::set_chrg_bar(int16_t)
        40   -> nrf_hw_pwm::subobject nrf_hw_pwm(uint16_t, uint32_t, uint32_t, uint32_t)
       8   led_driver::light_up()
         8   -> led_driver::_stop()
         8   -> nrf_hw_pwm::write_chnl(uint8_t, uint32_t, bool)
       8   led_driver::run()
         8   -> led_driver::_need_finish()
       0   led_driver::run(int)
       8   led_driver::run_down()
         8   -> led_driver::_need_finish()
       8   led_driver::run_up()
         8   -> led_driver::_need_finish()
      16   led_driver::set_fadetime(uint32_t)
        16   -> __aeabi_d2iz
        16   -> __aeabi_d2uiz
        16   -> __aeabi_ui2d
        16   -> nod<int>(int, int)
        16   -> round
      16   led_driver::subobject led_driver(uint32_t, Timer *, uint16_t, uint32_t)
        16   -> led_driver::led_driver(uint32_t, Timer *, uint16_t, uint32_t)
      24   led_driver::subobject led_driver(uint32_t, uint32_t, uint32_t, uint16_t, Timer *, uint16_t, uint32_t)
        24   -> led_driver::led_driver(uint32_t, uint32_t, uint32_t, uint16_t, Timer *, uint16_t, uint32_t)
       8   led_driver::turn_off()
         8   -> led_driver::_stop()
         8   -> nrf_hw_pwm::write_chnl(uint8_t, uint32_t, bool)
      16   led_drivers_handle()
        16   -> led_driver::handle()
       0   nod<int>(int, int)


   Section sizes:

   Bytes  Function/Label
   -----  --------------
       4  ??DataTable2
       4  ??DataTable2_1
       4  ??DataTable2_2
       4  ??DataTable2_3
       4  ??DataTable2_4
       4  ??DataTable2_5
       4  ??DataTable2_6
       4  ??DataTable2_7
       4  ??DataTable2_8
     146  __sti__routine()
      56  bl_btn_led
      56  btn_pr_led
      56  charge_bar
      56  green_led
      56  kb_led
      32  led_2_port_list
     232  led_driver::_fade()
     140  led_driver::_fade_down()
     142  led_driver::_fade_up()
      52  led_driver::_need_finish()
      52  led_driver::_stop()
      34  led_driver::bright_set(uint32_t)
      30  led_driver::go_power_down()
      54  led_driver::handle()
     124  led_driver::led_driver(uint32_t, Timer *, uint16_t, uint32_t)
     148  led_driver::led_driver(uint32_t, uint32_t, uint32_t, uint16_t, Timer *, uint16_t, uint32_t)
      30  led_driver::light_up()
      30  led_driver::run()
      18  led_driver::run(int)
      30  led_driver::run_down()
      32  led_driver::run_up()
     100  led_driver::set_fadetime(uint32_t)
      18  led_driver::subobject led_driver(uint32_t, Timer *, uint16_t, uint32_t)
      34  led_driver::subobject led_driver(uint32_t, uint32_t, uint32_t, uint16_t, Timer *, uint16_t, uint32_t)
      30  led_driver::turn_off()
      56  led_drivers_handle()
      32  led_list
      18  nod<int>(int, int)
      56  red_led
       4  -- Other

 
   336 bytes in section .bss
    64 bytes in section .data
     4 bytes in section .init_array
 1'586 bytes in section .text
 
 1'572 bytes of CODE memory (+ 18 bytes shared)
   400 bytes of DATA memory

Errors: none
Warnings: none
