###############################################################################
#
# IAR ANSI C/C++ Compiler V8.40.1.212/W32 for ARM         03/Feb/2021  19:31:03
# Copyright 1999-2019 IAR Systems AB.
#
#    Cpu mode     =  
#    Endian       =  little
#    Source file  =  E:\cpp\nrf52_libraries\cmsis\system_nrf52840.c
#    Command line =
#        -f C:\Users\IF385~1.SHO\AppData\Local\Temp\EW80CD.tmp
#        (E:\cpp\nrf52_libraries\cmsis\system_nrf52840.c -D NRF52840_XXAA -D
#        CONFIG_NFCT_PINS_AS_GPIOS -D _AUDIOGUDE_V2_BOARD -D DEBUG -lCN
#        E:\cpp\nrf52_libraries\main\List -lA E:\cpp\nrf52_libraries\main\List
#        -o E:\cpp\nrf52_libraries\main\Obj --no_cse --no_unroll --no_inline
#        --no_code_motion --no_tbaa --no_clustering --no_scheduling --debug
#        --endian=little --cpu=Cortex-M4 -e --fpu=None --dlib_config
#        "C:\Program Files (x86)\IAR Systems\Embedded Workbench
#        8.3\arm\inc\c\DLib_Config_Full.h" -I E:\cpp\nrf52_libraries\fsm\ -I
#        E:\cpp\nrf52_libraries\pwm\ -I E:\cpp\nrf52_libraries\spi\ -I
#        E:\cpp\nrf52_libraries\usb\ -I E:\cpp\nrf52_libraries\main\ -I
#        E:\cpp\nrf52_libraries\cmsis\ -I E:\cpp\nrf52_libraries\cmsis\device\
#        -I E:\cpp\nrf52_libraries\cmsis\include\ -I
#        E:\cpp\nrf52_libraries\board\ -I E:\cpp\nrf52_libraries\utils\ -I
#        E:\cpp\nrf52_libraries\timer\ -I E:\cpp\nrf52_libraries\adc\ -On --c++
#        --no_exceptions --no_rtti)
#    Locale       =  C
#    List file    =  E:\cpp\nrf52_libraries\main\List\system_nrf52840.lst
#    Object file  =  E:\cpp\nrf52_libraries\main\Obj\system_nrf52840.o
#
###############################################################################

E:\cpp\nrf52_libraries\cmsis\system_nrf52840.c
      1          /*
      2          
      3          Copyright (c) 2009-2018 ARM Limited. All rights reserved.
      4          
      5              SPDX-License-Identifier: Apache-2.0
      6          
      7          Licensed under the Apache License, Version 2.0 (the License); you may
      8          not use this file except in compliance with the License.
      9          You may obtain a copy of the License at
     10          
     11              www.apache.org/licenses/LICENSE-2.0
     12          
     13          Unless required by applicable law or agreed to in writing, software
     14          distributed under the License is distributed on an AS IS BASIS, WITHOUT
     15          WARRANTIES OR CONDITIONS OF ANY KIND, either express or implied.
     16          See the License for the specific language governing permissions and
     17          limitations under the License.
     18          
     19          NOTICE: This file has been modified by Nordic Semiconductor ASA.
     20          
     21          */
     22          
     23          /* NOTE: Template files (including this one) are application specific and therefore expected to
     24             be copied into the application project folder prior to its use! */
     25          #ifdef NRF52840_XXAA
     26          
     27          #include <stdint.h>
     28          #include <stdbool.h>
     29          #include <intrinsics.h>
     30          #include "nrf.h"

   \                                 In section .text, align 2, keep-with-next
   \   static __interwork __softfp void NVIC_SystemReset()
   \                     _ZN39_INTERNAL_17_system_nrf52840_c_5d646a6716NVIC_SystemResetEv: (+1)
   \        0x0   0xF3BF 0x8F4F      DSB      SY
   \        0x4   0x....             LDR.N    R1,??DataTable9  ;; 0xe000ed0c
   \        0x6   0x680A             LDR      R2,[R1, #+0]
   \        0x8   0xF412 0x62E0      ANDS     R2,R2,#0x700
   \        0xC   0x....             LDR.N    R0,??DataTable9_1  ;; 0x5fa0004
   \        0xE   0x4302             ORRS     R2,R0,R2
   \       0x10   0x600A             STR      R2,[R1, #+0]
   \       0x12   0xF3BF 0x8F4F      DSB      SY
   \                     ??NVIC_SystemReset_0: (+1)
   \       0x16   0xBF00             Nop      
   \       0x18   0xE7FD             B.N      ??NVIC_SystemReset_0
     31          #include "system_nrf52840.h"
     32          
     33          /*lint ++flb "Enter library region" */
     34          
     35          #define __SYSTEM_CLOCK_64M      (64000000UL)
     36          #define VECT_TAB_OFFSET         0x2000
     37          
     38          static bool errata_36(void);
     39          static bool errata_66(void);
     40          static bool errata_98(void);
     41          static bool errata_103(void);
     42          static bool errata_115(void);
     43          static bool errata_120(void);
     44          static bool errata_136(void);
     45          
     46          
     47          #if defined ( __CC_ARM )
     48              uint32_t SystemCoreClock __attribute__((used)) = __SYSTEM_CLOCK_64M;
     49          #elif defined ( __ICCARM__ )

   \                                 In section .data, align 4, root
     50              __root uint32_t SystemCoreClock = __SYSTEM_CLOCK_64M;
   \                     SystemCoreClock:
   \        0x0   0x03D0'9000        DC32 64'000'000
     51          #elif defined ( __GNUC__ )
     52              uint32_t SystemCoreClock __attribute__((used)) = __SYSTEM_CLOCK_64M;
     53          #endif
     54          

   \                                 In section .text, align 2, keep-with-next
     55          void SystemCoreClockUpdate(void)
     56          {
     57              SystemCoreClock = __SYSTEM_CLOCK_64M;
   \                     SystemCoreClockUpdate: (+1)
   \        0x0   0x....             LDR.N    R0,??DataTable9_2  ;; 0x3d09000
   \        0x2   0x....             LDR.N    R1,??DataTable9_3
   \        0x4   0x6008             STR      R0,[R1, #+0]
     58          }
   \        0x6   0x4770             BX       LR               ;; return
     59          

   \                                 In section .text, align 2, keep-with-next
     60          void SystemInit(void)
     61          {
   \                     SystemInit: (+1)
   \        0x0   0xB580             PUSH     {R7,LR}
     62              /* Enable SWO trace functionality. If ENABLE_SWO is not defined, SWO pin will be used as GPIO (see Product
     63                 Specification to see which one). */
     64              #if defined (ENABLE_SWO)
     65                  CoreDebug->DEMCR |= CoreDebug_DEMCR_TRCENA_Msk;
     66                  NRF_CLOCK->TRACECONFIG |= CLOCK_TRACECONFIG_TRACEMUX_Serial << CLOCK_TRACECONFIG_TRACEMUX_Pos;
     67                  NRF_P1->PIN_CNF[0] = (GPIO_PIN_CNF_DRIVE_H0H1 << GPIO_PIN_CNF_DRIVE_Pos) | (GPIO_PIN_CNF_INPUT_Connect << GPIO_PIN_CNF_INPUT_Pos) | (GPIO_PIN_CNF_DIR_Output << GPIO_PIN_CNF_DIR_Pos);
     68              #endif
     69          
     70              /* Enable Trace functionality. If ENABLE_TRACE is not defined, TRACE pins will be used as GPIOs (see Product
     71                 Specification to see which ones). */
     72              #if defined (ENABLE_TRACE)
     73                  CoreDebug->DEMCR |= CoreDebug_DEMCR_TRCENA_Msk;
     74                  NRF_CLOCK->TRACECONFIG |= CLOCK_TRACECONFIG_TRACEMUX_Parallel << CLOCK_TRACECONFIG_TRACEMUX_Pos;
     75                  NRF_P0->PIN_CNF[7]  = (GPIO_PIN_CNF_DRIVE_H0H1 << GPIO_PIN_CNF_DRIVE_Pos) | (GPIO_PIN_CNF_INPUT_Connect << GPIO_PIN_CNF_INPUT_Pos) | (GPIO_PIN_CNF_DIR_Output << GPIO_PIN_CNF_DIR_Pos);
     76                  NRF_P1->PIN_CNF[0]  = (GPIO_PIN_CNF_DRIVE_H0H1 << GPIO_PIN_CNF_DRIVE_Pos) | (GPIO_PIN_CNF_INPUT_Connect << GPIO_PIN_CNF_INPUT_Pos) | (GPIO_PIN_CNF_DIR_Output << GPIO_PIN_CNF_DIR_Pos);
     77                  NRF_P0->PIN_CNF[12] = (GPIO_PIN_CNF_DRIVE_H0H1 << GPIO_PIN_CNF_DRIVE_Pos) | (GPIO_PIN_CNF_INPUT_Connect << GPIO_PIN_CNF_INPUT_Pos) | (GPIO_PIN_CNF_DIR_Output << GPIO_PIN_CNF_DIR_Pos);
     78                  NRF_P0->PIN_CNF[11] = (GPIO_PIN_CNF_DRIVE_H0H1 << GPIO_PIN_CNF_DRIVE_Pos) | (GPIO_PIN_CNF_INPUT_Connect << GPIO_PIN_CNF_INPUT_Pos) | (GPIO_PIN_CNF_DIR_Output << GPIO_PIN_CNF_DIR_Pos);
     79                  NRF_P1->PIN_CNF[9]  = (GPIO_PIN_CNF_DRIVE_H0H1 << GPIO_PIN_CNF_DRIVE_Pos) | (GPIO_PIN_CNF_INPUT_Connect << GPIO_PIN_CNF_INPUT_Pos) | (GPIO_PIN_CNF_DIR_Output << GPIO_PIN_CNF_DIR_Pos);
     80              #endif
     81              
     82              /* Workaround for Errata 36 "CLOCK: Some registers are not reset when expected" found at the Errata document
     83                 for your device located at https://infocenter.nordicsemi.com/  */
     84              if (errata_36()){
   \        0x2   0x....'....        BL       _ZN39_INTERNAL_17_system_nrf52840_c_5d646a679errata_36Ev
   \        0x6   0x2800             CMP      R0,#+0
   \        0x8   0xD008             BEQ.N    ??SystemInit_0
     85                  NRF_CLOCK->EVENTS_DONE = 0;
   \        0xA   0x2000             MOVS     R0,#+0
   \        0xC   0x....             LDR.N    R1,??DataTable9_4  ;; 0x4000010c
   \        0xE   0x6008             STR      R0,[R1, #+0]
     86                  NRF_CLOCK->EVENTS_CTTO = 0;
   \       0x10   0x2000             MOVS     R0,#+0
   \       0x12   0x....             LDR.N    R1,??DataTable9_5  ;; 0x40000110
   \       0x14   0x6008             STR      R0,[R1, #+0]
     87                  NRF_CLOCK->CTIV = 0;
   \       0x16   0x2000             MOVS     R0,#+0
   \       0x18   0x....             LDR.N    R1,??DataTable9_6  ;; 0x40000538
   \       0x1A   0x6008             STR      R0,[R1, #+0]
     88              }
     89              
     90              /* Workaround for Errata 66 "TEMP: Linearity specification not met with default settings" found at the Errata document
     91                 for your device located at https://infocenter.nordicsemi.com/  */
     92              if (errata_66()){
   \                     ??SystemInit_0: (+1)
   \       0x1C   0x....'....        BL       _ZN39_INTERNAL_17_system_nrf52840_c_5d646a679errata_66Ev
   \       0x20   0x2800             CMP      R0,#+0
   \       0x22   0xD043             BEQ.N    ??SystemInit_1
     93                  NRF_TEMP->A0 = NRF_FICR->TEMP.A0;
   \       0x24   0x....             LDR.N    R0,??DataTable9_7  ;; 0x10000404
   \       0x26   0x6800             LDR      R0,[R0, #+0]
   \       0x28   0x....             LDR.N    R1,??DataTable9_8  ;; 0x4000c520
   \       0x2A   0x6008             STR      R0,[R1, #+0]
     94                  NRF_TEMP->A1 = NRF_FICR->TEMP.A1;
   \       0x2C   0x....             LDR.N    R0,??DataTable9_9  ;; 0x10000408
   \       0x2E   0x6800             LDR      R0,[R0, #+0]
   \       0x30   0x....             LDR.N    R1,??DataTable9_10  ;; 0x4000c524
   \       0x32   0x6008             STR      R0,[R1, #+0]
     95                  NRF_TEMP->A2 = NRF_FICR->TEMP.A2;
   \       0x34   0x....             LDR.N    R0,??DataTable9_11  ;; 0x1000040c
   \       0x36   0x6800             LDR      R0,[R0, #+0]
   \       0x38   0x....             LDR.N    R1,??DataTable9_12  ;; 0x4000c528
   \       0x3A   0x6008             STR      R0,[R1, #+0]
     96                  NRF_TEMP->A3 = NRF_FICR->TEMP.A3;
   \       0x3C   0x....             LDR.N    R0,??DataTable9_13  ;; 0x10000410
   \       0x3E   0x6800             LDR      R0,[R0, #+0]
   \       0x40   0x....             LDR.N    R1,??DataTable9_14  ;; 0x4000c52c
   \       0x42   0x6008             STR      R0,[R1, #+0]
     97                  NRF_TEMP->A4 = NRF_FICR->TEMP.A4;
   \       0x44   0x....             LDR.N    R0,??DataTable9_15  ;; 0x10000414
   \       0x46   0x6800             LDR      R0,[R0, #+0]
   \       0x48   0x....             LDR.N    R1,??DataTable9_16  ;; 0x4000c530
   \       0x4A   0x6008             STR      R0,[R1, #+0]
     98                  NRF_TEMP->A5 = NRF_FICR->TEMP.A5;
   \       0x4C   0x....             LDR.N    R0,??DataTable9_17  ;; 0x10000418
   \       0x4E   0x6800             LDR      R0,[R0, #+0]
   \       0x50   0x....             LDR.N    R1,??DataTable9_18  ;; 0x4000c534
   \       0x52   0x6008             STR      R0,[R1, #+0]
     99                  NRF_TEMP->B0 = NRF_FICR->TEMP.B0;
   \       0x54   0x....             LDR.N    R0,??DataTable9_19  ;; 0x1000041c
   \       0x56   0x6800             LDR      R0,[R0, #+0]
   \       0x58   0x....             LDR.N    R1,??DataTable9_20  ;; 0x4000c540
   \       0x5A   0x6008             STR      R0,[R1, #+0]
    100                  NRF_TEMP->B1 = NRF_FICR->TEMP.B1;
   \       0x5C   0x....             LDR.N    R0,??DataTable9_21  ;; 0x10000420
   \       0x5E   0x6800             LDR      R0,[R0, #+0]
   \       0x60   0x....             LDR.N    R1,??DataTable9_22  ;; 0x4000c544
   \       0x62   0x6008             STR      R0,[R1, #+0]
    101                  NRF_TEMP->B2 = NRF_FICR->TEMP.B2;
   \       0x64   0x....             LDR.N    R0,??DataTable9_23  ;; 0x10000424
   \       0x66   0x6800             LDR      R0,[R0, #+0]
   \       0x68   0x....             LDR.N    R1,??DataTable9_24  ;; 0x4000c548
   \       0x6A   0x6008             STR      R0,[R1, #+0]
    102                  NRF_TEMP->B3 = NRF_FICR->TEMP.B3;
   \       0x6C   0x....             LDR.N    R0,??DataTable9_25  ;; 0x10000428
   \       0x6E   0x6800             LDR      R0,[R0, #+0]
   \       0x70   0x....             LDR.N    R1,??DataTable9_26  ;; 0x4000c54c
   \       0x72   0x6008             STR      R0,[R1, #+0]
    103                  NRF_TEMP->B4 = NRF_FICR->TEMP.B4;
   \       0x74   0x....             LDR.N    R0,??DataTable9_27  ;; 0x1000042c
   \       0x76   0x6800             LDR      R0,[R0, #+0]
   \       0x78   0x....             LDR.N    R1,??DataTable9_28  ;; 0x4000c550
   \       0x7A   0x6008             STR      R0,[R1, #+0]
    104                  NRF_TEMP->B5 = NRF_FICR->TEMP.B5;
   \       0x7C   0x....             LDR.N    R0,??DataTable9_29  ;; 0x10000430
   \       0x7E   0x6800             LDR      R0,[R0, #+0]
   \       0x80   0x....             LDR.N    R1,??DataTable9_30  ;; 0x4000c554
   \       0x82   0x6008             STR      R0,[R1, #+0]
    105                  NRF_TEMP->T0 = NRF_FICR->TEMP.T0;
   \       0x84   0x....             LDR.N    R0,??DataTable9_31  ;; 0x10000434
   \       0x86   0x6800             LDR      R0,[R0, #+0]
   \       0x88   0x....             LDR.N    R1,??DataTable9_32  ;; 0x4000c560
   \       0x8A   0x6008             STR      R0,[R1, #+0]
    106                  NRF_TEMP->T1 = NRF_FICR->TEMP.T1;
   \       0x8C   0x....             LDR.N    R0,??DataTable9_33  ;; 0x10000438
   \       0x8E   0x6800             LDR      R0,[R0, #+0]
   \       0x90   0x....             LDR.N    R1,??DataTable9_34  ;; 0x4000c564
   \       0x92   0x6008             STR      R0,[R1, #+0]
    107                  NRF_TEMP->T2 = NRF_FICR->TEMP.T2;
   \       0x94   0x....             LDR.N    R0,??DataTable9_35  ;; 0x1000043c
   \       0x96   0x6800             LDR      R0,[R0, #+0]
   \       0x98   0x....             LDR.N    R1,??DataTable9_36  ;; 0x4000c568
   \       0x9A   0x6008             STR      R0,[R1, #+0]
    108                  NRF_TEMP->T3 = NRF_FICR->TEMP.T3;
   \       0x9C   0x....             LDR.N    R0,??DataTable9_37  ;; 0x10000440
   \       0x9E   0x6800             LDR      R0,[R0, #+0]
   \       0xA0   0x....             LDR.N    R1,??DataTable9_38  ;; 0x4000c56c
   \       0xA2   0x6008             STR      R0,[R1, #+0]
    109                  NRF_TEMP->T4 = NRF_FICR->TEMP.T4;
   \       0xA4   0x....             LDR.N    R0,??DataTable9_39  ;; 0x10000444
   \       0xA6   0x6800             LDR      R0,[R0, #+0]
   \       0xA8   0x....             LDR.N    R1,??DataTable9_40  ;; 0x4000c570
   \       0xAA   0x6008             STR      R0,[R1, #+0]
    110              }
    111              
    112              /* Workaround for Errata 98 "NFCT: Not able to communicate with the peer" found at the Errata document
    113                 for your device located at https://infocenter.nordicsemi.com/  */
    114              if (errata_98()){
   \                     ??SystemInit_1: (+1)
   \       0xAC   0x....'....        BL       _ZN39_INTERNAL_17_system_nrf52840_c_5d646a679errata_98Ev
   \       0xB0   0x2800             CMP      R0,#+0
   \       0xB2   0xD002             BEQ.N    ??SystemInit_2
    115                  *(volatile uint32_t *)0x4000568Cul = 0x00038148ul;
   \       0xB4   0x....             LDR.N    R0,??DataTable9_41  ;; 0x38148
   \       0xB6   0x....             LDR.N    R1,??DataTable9_42  ;; 0x4000568c
   \       0xB8   0x6008             STR      R0,[R1, #+0]
    116              }
    117              
    118              /* Workaround for Errata 103 "CCM: Wrong reset value of CCM MAXPACKETSIZE" found at the Errata document
    119                 for your device located at https://infocenter.nordicsemi.com/  */
    120              if (errata_103()){
   \                     ??SystemInit_2: (+1)
   \       0xBA   0x....'....        BL       _ZN39_INTERNAL_17_system_nrf52840_c_5d646a6710errata_103Ev
   \       0xBE   0x2800             CMP      R0,#+0
   \       0xC0   0xD002             BEQ.N    ??SystemInit_3
    121                  NRF_CCM->MAXPACKETSIZE = 0xFBul;
   \       0xC2   0x20FB             MOVS     R0,#+251
   \       0xC4   0x....             LDR.N    R1,??DataTable9_43  ;; 0x4000f518
   \       0xC6   0x6008             STR      R0,[R1, #+0]
    122              }
    123              
    124              /* Workaround for Errata 115 "RAM: RAM content cannot be trusted upon waking up from System ON Idle or System OFF mode" found at the Errata document
    125                 for your device located at https://infocenter.nordicsemi.com/  */
    126              if (errata_115()){
   \                     ??SystemInit_3: (+1)
   \       0xC8   0x....'....        BL       _ZN39_INTERNAL_17_system_nrf52840_c_5d646a6710errata_115Ev
   \       0xCC   0x2800             CMP      R0,#+0
   \       0xCE   0xD009             BEQ.N    ??SystemInit_4
    127                  *(volatile uint32_t *)0x40000EE4 = (*(volatile uint32_t *)0x40000EE4 & 0xFFFFFFF0) | (*(uint32_t *)0x10000258 & 0x0000000F);
   \       0xD0   0x....             LDR.N    R0,??DataTable9_44  ;; 0x40000ee4
   \       0xD2   0x6801             LDR      R1,[R0, #+0]
   \       0xD4   0x0909             LSRS     R1,R1,#+4
   \       0xD6   0x0109             LSLS     R1,R1,#+4
   \       0xD8   0x....             LDR.N    R2,??DataTable9_45  ;; 0x10000258
   \       0xDA   0x7812             LDRB     R2,[R2, #+0]
   \       0xDC   0xF012 0x020F      ANDS     R2,R2,#0xF
   \       0xE0   0x4311             ORRS     R1,R2,R1
   \       0xE2   0x6001             STR      R1,[R0, #+0]
    128              }
    129              
    130              /* Workaround for Errata 120 "QSPI: Data read or written is corrupted" found at the Errata document
    131                 for your device located at https://infocenter.nordicsemi.com/  */
    132              if (errata_120()){
   \                     ??SystemInit_4: (+1)
   \       0xE4   0x....'....        BL       _ZN39_INTERNAL_17_system_nrf52840_c_5d646a6710errata_120Ev
   \       0xE8   0x2800             CMP      R0,#+0
   \       0xEA   0xD003             BEQ.N    ??SystemInit_5
    133                  *(volatile uint32_t *)0x40029640ul = 0x200ul;
   \       0xEC   0xF44F 0x7000      MOV      R0,#+512
   \       0xF0   0x....             LDR.N    R1,??DataTable9_46  ;; 0x40029640
   \       0xF2   0x6008             STR      R0,[R1, #+0]
    134              }
    135              
    136              /* Workaround for Errata 136 "System: Bits in RESETREAS are set when they should not be" found at the Errata document
    137                 for your device located at https://infocenter.nordicsemi.com/  */
    138              if (errata_136()){
   \                     ??SystemInit_5: (+1)
   \       0xF4   0x....'....        BL       _ZN39_INTERNAL_17_system_nrf52840_c_5d646a6710errata_136Ev
   \       0xF8   0x2800             CMP      R0,#+0
   \       0xFA   0xD006             BEQ.N    ??SystemInit_6
    139                  if (NRF_POWER->RESETREAS & POWER_RESETREAS_RESETPIN_Msk){
   \       0xFC   0x....             LDR.N    R0,??DataTable9_47  ;; 0x40000400
   \       0xFE   0x6801             LDR      R1,[R0, #+0]
   \      0x100   0x07C9             LSLS     R1,R1,#+31
   \      0x102   0xD502             BPL.N    ??SystemInit_6
    140                      NRF_POWER->RESETREAS =  ~POWER_RESETREAS_RESETPIN_Msk;
   \      0x104   0xF07F 0x0101      MVNS     R1,#+1
   \      0x108   0x6001             STR      R1,[R0, #+0]
    141                  }
    142              }
    143              
    144              /* Enable the FPU if the compiler used floating point unit instructions. __FPU_USED is a MACRO defined by the
    145               * compiler. Since the FPU consumes energy, remember to disable FPU use in the compiler if floating point unit
    146               * operations are not used in your code. */
    147              #if (__FPU_USED == 1)
    148                  SCB->CPACR |= (3UL << 20) | (3UL << 22);
    149                  __DSB();
    150                  __ISB();
    151              #endif
    152          
    153              /* Configure NFCT pins as GPIOs if NFCT is not to be used in your code. If CONFIG_NFCT_PINS_AS_GPIOS is not defined,
    154                 two GPIOs (see Product Specification to see which ones) will be reserved for NFC and will not be available as
    155                 normal GPIOs. */
    156              #if defined (CONFIG_NFCT_PINS_AS_GPIOS)
    157                  if ((NRF_UICR->NFCPINS & UICR_NFCPINS_PROTECT_Msk) == (UICR_NFCPINS_PROTECT_NFC << UICR_NFCPINS_PROTECT_Pos)){
   \                     ??SystemInit_6: (+1)
   \      0x10A   0x....             LDR.N    R1,??DataTable9_48  ;; 0x1000120c
   \      0x10C   0x6808             LDR      R0,[R1, #+0]
   \      0x10E   0x07C0             LSLS     R0,R0,#+31
   \      0x110   0xD514             BPL.N    ??SystemInit_7
    158                      NRF_NVMC->CONFIG = NVMC_CONFIG_WEN_Wen << NVMC_CONFIG_WEN_Pos;
   \      0x112   0x....             LDR.N    R2,??DataTable9_49  ;; 0x4001e504
   \      0x114   0x2001             MOVS     R0,#+1
   \      0x116   0x6010             STR      R0,[R2, #+0]
    159                      while (NRF_NVMC->READY == NVMC_READY_READY_Busy){}
   \                     ??SystemInit_8: (+1)
   \      0x118   0x....             LDR.N    R3,??DataTable9_50  ;; 0x4001e400
   \      0x11A   0x6818             LDR      R0,[R3, #+0]
   \      0x11C   0x2800             CMP      R0,#+0
   \      0x11E   0xD0FB             BEQ.N    ??SystemInit_8
    160                      NRF_UICR->NFCPINS &= ~UICR_NFCPINS_PROTECT_Msk;
   \      0x120   0x6808             LDR      R0,[R1, #+0]
   \      0x122   0x0840             LSRS     R0,R0,#+1
   \      0x124   0x0040             LSLS     R0,R0,#+1
   \      0x126   0x6008             STR      R0,[R1, #+0]
    161                      while (NRF_NVMC->READY == NVMC_READY_READY_Busy){}
   \                     ??SystemInit_9: (+1)
   \      0x128   0x6818             LDR      R0,[R3, #+0]
   \      0x12A   0x2800             CMP      R0,#+0
   \      0x12C   0xD0FC             BEQ.N    ??SystemInit_9
    162                      NRF_NVMC->CONFIG = NVMC_CONFIG_WEN_Ren << NVMC_CONFIG_WEN_Pos;
   \      0x12E   0x2000             MOVS     R0,#+0
   \      0x130   0x6010             STR      R0,[R2, #+0]
    163                      while (NRF_NVMC->READY == NVMC_READY_READY_Busy){}
   \                     ??SystemInit_10: (+1)
   \      0x132   0x6818             LDR      R0,[R3, #+0]
   \      0x134   0x2800             CMP      R0,#+0
   \      0x136   0xD0FC             BEQ.N    ??SystemInit_10
    164                      NVIC_SystemReset();
   \      0x138   0x....'....        BL       _ZN39_INTERNAL_17_system_nrf52840_c_5d646a6716NVIC_SystemResetEv
    165                  }
    166              #endif
    167          
    168              /* Configure GPIO pads as pPin Reset pin if Pin Reset capabilities desired. If CONFIG_GPIO_AS_PINRESET is not
    169                defined, pin reset will not be available. One GPIO (see Product Specification to see which one) will then be
    170                reserved for PinReset and not available as normal GPIO. */
    171              #if defined (CONFIG_GPIO_AS_PINRESET)
    172                  if (((NRF_UICR->PSELRESET[0] & UICR_PSELRESET_CONNECT_Msk) != (UICR_PSELRESET_CONNECT_Connected << UICR_PSELRESET_CONNECT_Pos)) ||
    173                      ((NRF_UICR->PSELRESET[1] & UICR_PSELRESET_CONNECT_Msk) != (UICR_PSELRESET_CONNECT_Connected << UICR_PSELRESET_CONNECT_Pos))){
    174                      NRF_NVMC->CONFIG = NVMC_CONFIG_WEN_Wen << NVMC_CONFIG_WEN_Pos;
    175                      while (NRF_NVMC->READY == NVMC_READY_READY_Busy){}
    176                      NRF_UICR->PSELRESET[0] = 18;
    177                      while (NRF_NVMC->READY == NVMC_READY_READY_Busy){}
    178                      NRF_UICR->PSELRESET[1] = 18;
    179                      while (NRF_NVMC->READY == NVMC_READY_READY_Busy){}
    180                      NRF_NVMC->CONFIG = NVMC_CONFIG_WEN_Ren << NVMC_CONFIG_WEN_Pos;
    181                      while (NRF_NVMC->READY == NVMC_READY_READY_Busy){}
    182                      NVIC_SystemReset();
    183                  }
    184              #endif
    185          
    186              SystemCoreClockUpdate();
   \                     ??SystemInit_7: (+1)
   \      0x13C   0x....'....        BL       SystemCoreClockUpdate
    187          #ifndef BOOTLOADER
    188              SCB->VTOR = VECT_TAB_OFFSET;
   \      0x140   0xF44F 0x5000      MOV      R0,#+8192
   \      0x144   0x....             LDR.N    R1,??DataTable9_51  ;; 0xe000ed08
   \      0x146   0x6008             STR      R0,[R1, #+0]
    189          #endif
    190              NRF_POWER->DCDCEN = POWER_DCDCEN_DCDCEN_Enabled << POWER_DCDCEN_DCDCEN_Pos;
   \      0x148   0x2001             MOVS     R0,#+1
   \      0x14A   0x....             LDR.N    R1,??DataTable9_52  ;; 0x40000578
   \      0x14C   0x6008             STR      R0,[R1, #+0]
    191              //NRF_NVMC->CONFIG |= NVMC_ICACHECNF_CACHEEN_Enabled; 
    192          }
   \      0x14E   0xBD01             POP      {R0,PC}          ;; return
    193          
    194          

   \                                 In section .text, align 2, keep-with-next
    195          static bool errata_36(void)
    196          {
    197              if (*(uint32_t *)0x10000130ul == 0x8ul){
   \                     _ZN39_INTERNAL_17_system_nrf52840_c_5d646a679errata_36Ev: (+1)
   \        0x0   0x....             LDR.N    R0,??DataTable9_53  ;; 0x10000130
   \        0x2   0x6800             LDR      R0,[R0, #+0]
   \        0x4   0x2808             CMP      R0,#+8
   \        0x6   0xD10F             BNE.N    ??errata_36_0
    198                  if (*(uint32_t *)0x10000134ul == 0x0ul){
   \        0x8   0x....             LDR.N    R1,??DataTable9_54  ;; 0x10000134
   \        0xA   0x6808             LDR      R0,[R1, #+0]
   \        0xC   0x2800             CMP      R0,#+0
   \        0xE   0xD101             BNE.N    ??errata_36_1
    199                      return true;
   \       0x10   0x2001             MOVS     R0,#+1
   \       0x12   0xE00A             B.N      ??errata_36_2
    200                  }
    201                  if (*(uint32_t *)0x10000134ul == 0x1ul){
   \                     ??errata_36_1: (+1)
   \       0x14   0x6808             LDR      R0,[R1, #+0]
   \       0x16   0x2801             CMP      R0,#+1
   \       0x18   0xD101             BNE.N    ??errata_36_3
    202                      return true;
   \       0x1A   0x2001             MOVS     R0,#+1
   \       0x1C   0xE005             B.N      ??errata_36_2
    203                  }
    204                  if (*(uint32_t *)0x10000134ul == 0x2ul){
   \                     ??errata_36_3: (+1)
   \       0x1E   0x6808             LDR      R0,[R1, #+0]
   \       0x20   0x2802             CMP      R0,#+2
   \       0x22   0xD101             BNE.N    ??errata_36_0
    205                      return true;
   \       0x24   0x2001             MOVS     R0,#+1
   \       0x26   0xE000             B.N      ??errata_36_2
    206                  }
    207              }
    208              
    209              return true;
   \                     ??errata_36_0: (+1)
   \       0x28   0x2001             MOVS     R0,#+1
   \                     ??errata_36_2: (+1)
   \       0x2A   0x4770             BX       LR               ;; return
    210          }
    211          
    212          

   \                                 In section .text, align 2, keep-with-next
    213          static bool errata_66(void)
    214          {
    215              if (*(uint32_t *)0x10000130ul == 0x8ul){
   \                     _ZN39_INTERNAL_17_system_nrf52840_c_5d646a679errata_66Ev: (+1)
   \        0x0   0x....             LDR.N    R0,??DataTable9_53  ;; 0x10000130
   \        0x2   0x6800             LDR      R0,[R0, #+0]
   \        0x4   0x2808             CMP      R0,#+8
   \        0x6   0xD10F             BNE.N    ??errata_66_0
    216                  if (*(uint32_t *)0x10000134ul == 0x0ul){
   \        0x8   0x....             LDR.N    R1,??DataTable9_54  ;; 0x10000134
   \        0xA   0x6808             LDR      R0,[R1, #+0]
   \        0xC   0x2800             CMP      R0,#+0
   \        0xE   0xD101             BNE.N    ??errata_66_1
    217                      return true;
   \       0x10   0x2001             MOVS     R0,#+1
   \       0x12   0xE00A             B.N      ??errata_66_2
    218                  }
    219                  if (*(uint32_t *)0x10000134ul == 0x1ul){
   \                     ??errata_66_1: (+1)
   \       0x14   0x6808             LDR      R0,[R1, #+0]
   \       0x16   0x2801             CMP      R0,#+1
   \       0x18   0xD101             BNE.N    ??errata_66_3
    220                      return true;
   \       0x1A   0x2001             MOVS     R0,#+1
   \       0x1C   0xE005             B.N      ??errata_66_2
    221                  }
    222                  if (*(uint32_t *)0x10000134ul == 0x2ul){
   \                     ??errata_66_3: (+1)
   \       0x1E   0x6808             LDR      R0,[R1, #+0]
   \       0x20   0x2802             CMP      R0,#+2
   \       0x22   0xD101             BNE.N    ??errata_66_0
    223                      return true;
   \       0x24   0x2001             MOVS     R0,#+1
   \       0x26   0xE000             B.N      ??errata_66_2
    224                  }
    225              }
    226              
    227              return true;
   \                     ??errata_66_0: (+1)
   \       0x28   0x2001             MOVS     R0,#+1
   \                     ??errata_66_2: (+1)
   \       0x2A   0x4770             BX       LR               ;; return
    228          }
    229          
    230          

   \                                 In section .text, align 2, keep-with-next
    231          static bool errata_98(void)
    232          {
    233              if (*(uint32_t *)0x10000130ul == 0x8ul){
   \                     _ZN39_INTERNAL_17_system_nrf52840_c_5d646a679errata_98Ev: (+1)
   \        0x0   0x....             LDR.N    R0,??DataTable9_53  ;; 0x10000130
   \        0x2   0x6800             LDR      R0,[R0, #+0]
   \        0x4   0x2808             CMP      R0,#+8
   \        0x6   0xD105             BNE.N    ??errata_98_0
    234                  if (*(uint32_t *)0x10000134ul == 0x0ul){
   \        0x8   0x....             LDR.N    R0,??DataTable9_54  ;; 0x10000134
   \        0xA   0x6800             LDR      R0,[R0, #+0]
   \        0xC   0x2800             CMP      R0,#+0
   \        0xE   0xD101             BNE.N    ??errata_98_0
    235                      return true;
   \       0x10   0x2001             MOVS     R0,#+1
   \       0x12   0xE000             B.N      ??errata_98_1
    236                  }
    237              }
    238              
    239              return false;
   \                     ??errata_98_0: (+1)
   \       0x14   0x2000             MOVS     R0,#+0
   \                     ??errata_98_1: (+1)
   \       0x16   0x4770             BX       LR               ;; return
    240          }
    241          
    242          

   \                                 In section .text, align 2, keep-with-next
    243          static bool errata_103(void)
    244          {
    245              if (*(uint32_t *)0x10000130ul == 0x8ul){
   \                     _ZN39_INTERNAL_17_system_nrf52840_c_5d646a6710errata_103Ev: (+1)
   \        0x0   0x....             LDR.N    R0,??DataTable9_53  ;; 0x10000130
   \        0x2   0x6800             LDR      R0,[R0, #+0]
   \        0x4   0x2808             CMP      R0,#+8
   \        0x6   0xD105             BNE.N    ??errata_103_0
    246                  if (*(uint32_t *)0x10000134ul == 0x0ul){
   \        0x8   0x....             LDR.N    R0,??DataTable9_54  ;; 0x10000134
   \        0xA   0x6800             LDR      R0,[R0, #+0]
   \        0xC   0x2800             CMP      R0,#+0
   \        0xE   0xD101             BNE.N    ??errata_103_0
    247                      return true;
   \       0x10   0x2001             MOVS     R0,#+1
   \       0x12   0xE000             B.N      ??errata_103_1
    248                  }
    249              }
    250              
    251              return false;
   \                     ??errata_103_0: (+1)
   \       0x14   0x2000             MOVS     R0,#+0
   \                     ??errata_103_1: (+1)
   \       0x16   0x4770             BX       LR               ;; return
    252          }
    253          
    254          

   \                                 In section .text, align 2, keep-with-next
    255          static bool errata_115(void)
    256          {
    257              if (*(uint32_t *)0x10000130ul == 0x8ul){
   \                     _ZN39_INTERNAL_17_system_nrf52840_c_5d646a6710errata_115Ev: (+1)
   \        0x0   0x....             LDR.N    R0,??DataTable9_53  ;; 0x10000130
   \        0x2   0x6800             LDR      R0,[R0, #+0]
   \        0x4   0x2808             CMP      R0,#+8
   \        0x6   0xD105             BNE.N    ??errata_115_0
    258                  if (*(uint32_t *)0x10000134ul == 0x0ul){
   \        0x8   0x....             LDR.N    R0,??DataTable9_54  ;; 0x10000134
   \        0xA   0x6800             LDR      R0,[R0, #+0]
   \        0xC   0x2800             CMP      R0,#+0
   \        0xE   0xD101             BNE.N    ??errata_115_0
    259                      return true;
   \       0x10   0x2001             MOVS     R0,#+1
   \       0x12   0xE000             B.N      ??errata_115_1
    260                  }
    261              }
    262              
    263              return false;
   \                     ??errata_115_0: (+1)
   \       0x14   0x2000             MOVS     R0,#+0
   \                     ??errata_115_1: (+1)
   \       0x16   0x4770             BX       LR               ;; return
    264          }
    265          
    266          

   \                                 In section .text, align 2, keep-with-next
    267          static bool errata_120(void)
    268          {
    269              if (*(uint32_t *)0x10000130ul == 0x8ul){
   \                     _ZN39_INTERNAL_17_system_nrf52840_c_5d646a6710errata_120Ev: (+1)
   \        0x0   0x....             LDR.N    R0,??DataTable9_53  ;; 0x10000130
   \        0x2   0x6800             LDR      R0,[R0, #+0]
   \        0x4   0x2808             CMP      R0,#+8
   \        0x6   0xD105             BNE.N    ??errata_120_0
    270                  if (*(uint32_t *)0x10000134ul == 0x0ul){
   \        0x8   0x....             LDR.N    R0,??DataTable9_54  ;; 0x10000134
   \        0xA   0x6800             LDR      R0,[R0, #+0]
   \        0xC   0x2800             CMP      R0,#+0
   \        0xE   0xD101             BNE.N    ??errata_120_0
    271                      return true;
   \       0x10   0x2001             MOVS     R0,#+1
   \       0x12   0xE000             B.N      ??errata_120_1
    272                  }
    273              }
    274              
    275              return false;
   \                     ??errata_120_0: (+1)
   \       0x14   0x2000             MOVS     R0,#+0
   \                     ??errata_120_1: (+1)
   \       0x16   0x4770             BX       LR               ;; return
    276          }
    277          
    278          

   \                                 In section .text, align 2, keep-with-next
    279          static bool errata_136(void)
    280          {
    281              if (*(uint32_t *)0x10000130ul == 0x8ul){
   \                     _ZN39_INTERNAL_17_system_nrf52840_c_5d646a6710errata_136Ev: (+1)
   \        0x0   0x....             LDR.N    R0,??DataTable9_53  ;; 0x10000130
   \        0x2   0x6800             LDR      R0,[R0, #+0]
   \        0x4   0x2808             CMP      R0,#+8
   \        0x6   0xD10F             BNE.N    ??errata_136_0
    282                  if (*(uint32_t *)0x10000134ul == 0x0ul){
   \        0x8   0x....             LDR.N    R1,??DataTable9_54  ;; 0x10000134
   \        0xA   0x6808             LDR      R0,[R1, #+0]
   \        0xC   0x2800             CMP      R0,#+0
   \        0xE   0xD101             BNE.N    ??errata_136_1
    283                      return true;
   \       0x10   0x2001             MOVS     R0,#+1
   \       0x12   0xE00A             B.N      ??errata_136_2
    284                  }
    285                  if (*(uint32_t *)0x10000134ul == 0x1ul){
   \                     ??errata_136_1: (+1)
   \       0x14   0x6808             LDR      R0,[R1, #+0]
   \       0x16   0x2801             CMP      R0,#+1
   \       0x18   0xD101             BNE.N    ??errata_136_3
    286                      return true;
   \       0x1A   0x2001             MOVS     R0,#+1
   \       0x1C   0xE005             B.N      ??errata_136_2
    287                  }
    288                  if (*(uint32_t *)0x10000134ul == 0x2ul){
   \                     ??errata_136_3: (+1)
   \       0x1E   0x6808             LDR      R0,[R1, #+0]
   \       0x20   0x2802             CMP      R0,#+2
   \       0x22   0xD101             BNE.N    ??errata_136_0
    289                      return true;
   \       0x24   0x2001             MOVS     R0,#+1
   \       0x26   0xE000             B.N      ??errata_136_2
    290                  }
    291              }
    292              
    293              return true;
   \                     ??errata_136_0: (+1)
   \       0x28   0x2001             MOVS     R0,#+1
   \                     ??errata_136_2: (+1)
   \       0x2A   0x4770             BX       LR               ;; return
    294          }

   \                                 In section .text, align 4, keep-with-next
   \                     ??DataTable9:
   \        0x0   0xE000'ED0C        DC32     0xe000ed0c

   \                                 In section .text, align 4, keep-with-next
   \                     ??DataTable9_1:
   \        0x0   0x05FA'0004        DC32     0x5fa0004

   \                                 In section .text, align 4, keep-with-next
   \                     ??DataTable9_2:
   \        0x0   0x03D0'9000        DC32     0x3d09000

   \                                 In section .text, align 4, keep-with-next
   \                     ??DataTable9_3:
   \        0x0   0x....'....        DC32     SystemCoreClock

   \                                 In section .text, align 4, keep-with-next
   \                     ??DataTable9_4:
   \        0x0   0x4000'010C        DC32     0x4000010c

   \                                 In section .text, align 4, keep-with-next
   \                     ??DataTable9_5:
   \        0x0   0x4000'0110        DC32     0x40000110

   \                                 In section .text, align 4, keep-with-next
   \                     ??DataTable9_6:
   \        0x0   0x4000'0538        DC32     0x40000538

   \                                 In section .text, align 4, keep-with-next
   \                     ??DataTable9_7:
   \        0x0   0x1000'0404        DC32     0x10000404

   \                                 In section .text, align 4, keep-with-next
   \                     ??DataTable9_8:
   \        0x0   0x4000'C520        DC32     0x4000c520

   \                                 In section .text, align 4, keep-with-next
   \                     ??DataTable9_9:
   \        0x0   0x1000'0408        DC32     0x10000408

   \                                 In section .text, align 4, keep-with-next
   \                     ??DataTable9_10:
   \        0x0   0x4000'C524        DC32     0x4000c524

   \                                 In section .text, align 4, keep-with-next
   \                     ??DataTable9_11:
   \        0x0   0x1000'040C        DC32     0x1000040c

   \                                 In section .text, align 4, keep-with-next
   \                     ??DataTable9_12:
   \        0x0   0x4000'C528        DC32     0x4000c528

   \                                 In section .text, align 4, keep-with-next
   \                     ??DataTable9_13:
   \        0x0   0x1000'0410        DC32     0x10000410

   \                                 In section .text, align 4, keep-with-next
   \                     ??DataTable9_14:
   \        0x0   0x4000'C52C        DC32     0x4000c52c

   \                                 In section .text, align 4, keep-with-next
   \                     ??DataTable9_15:
   \        0x0   0x1000'0414        DC32     0x10000414

   \                                 In section .text, align 4, keep-with-next
   \                     ??DataTable9_16:
   \        0x0   0x4000'C530        DC32     0x4000c530

   \                                 In section .text, align 4, keep-with-next
   \                     ??DataTable9_17:
   \        0x0   0x1000'0418        DC32     0x10000418

   \                                 In section .text, align 4, keep-with-next
   \                     ??DataTable9_18:
   \        0x0   0x4000'C534        DC32     0x4000c534

   \                                 In section .text, align 4, keep-with-next
   \                     ??DataTable9_19:
   \        0x0   0x1000'041C        DC32     0x1000041c

   \                                 In section .text, align 4, keep-with-next
   \                     ??DataTable9_20:
   \        0x0   0x4000'C540        DC32     0x4000c540

   \                                 In section .text, align 4, keep-with-next
   \                     ??DataTable9_21:
   \        0x0   0x1000'0420        DC32     0x10000420

   \                                 In section .text, align 4, keep-with-next
   \                     ??DataTable9_22:
   \        0x0   0x4000'C544        DC32     0x4000c544

   \                                 In section .text, align 4, keep-with-next
   \                     ??DataTable9_23:
   \        0x0   0x1000'0424        DC32     0x10000424

   \                                 In section .text, align 4, keep-with-next
   \                     ??DataTable9_24:
   \        0x0   0x4000'C548        DC32     0x4000c548

   \                                 In section .text, align 4, keep-with-next
   \                     ??DataTable9_25:
   \        0x0   0x1000'0428        DC32     0x10000428

   \                                 In section .text, align 4, keep-with-next
   \                     ??DataTable9_26:
   \        0x0   0x4000'C54C        DC32     0x4000c54c

   \                                 In section .text, align 4, keep-with-next
   \                     ??DataTable9_27:
   \        0x0   0x1000'042C        DC32     0x1000042c

   \                                 In section .text, align 4, keep-with-next
   \                     ??DataTable9_28:
   \        0x0   0x4000'C550        DC32     0x4000c550

   \                                 In section .text, align 4, keep-with-next
   \                     ??DataTable9_29:
   \        0x0   0x1000'0430        DC32     0x10000430

   \                                 In section .text, align 4, keep-with-next
   \                     ??DataTable9_30:
   \        0x0   0x4000'C554        DC32     0x4000c554

   \                                 In section .text, align 4, keep-with-next
   \                     ??DataTable9_31:
   \        0x0   0x1000'0434        DC32     0x10000434

   \                                 In section .text, align 4, keep-with-next
   \                     ??DataTable9_32:
   \        0x0   0x4000'C560        DC32     0x4000c560

   \                                 In section .text, align 4, keep-with-next
   \                     ??DataTable9_33:
   \        0x0   0x1000'0438        DC32     0x10000438

   \                                 In section .text, align 4, keep-with-next
   \                     ??DataTable9_34:
   \        0x0   0x4000'C564        DC32     0x4000c564

   \                                 In section .text, align 4, keep-with-next
   \                     ??DataTable9_35:
   \        0x0   0x1000'043C        DC32     0x1000043c

   \                                 In section .text, align 4, keep-with-next
   \                     ??DataTable9_36:
   \        0x0   0x4000'C568        DC32     0x4000c568

   \                                 In section .text, align 4, keep-with-next
   \                     ??DataTable9_37:
   \        0x0   0x1000'0440        DC32     0x10000440

   \                                 In section .text, align 4, keep-with-next
   \                     ??DataTable9_38:
   \        0x0   0x4000'C56C        DC32     0x4000c56c

   \                                 In section .text, align 4, keep-with-next
   \                     ??DataTable9_39:
   \        0x0   0x1000'0444        DC32     0x10000444

   \                                 In section .text, align 4, keep-with-next
   \                     ??DataTable9_40:
   \        0x0   0x4000'C570        DC32     0x4000c570

   \                                 In section .text, align 4, keep-with-next
   \                     ??DataTable9_41:
   \        0x0   0x0003'8148        DC32     0x38148

   \                                 In section .text, align 4, keep-with-next
   \                     ??DataTable9_42:
   \        0x0   0x4000'568C        DC32     0x4000568c

   \                                 In section .text, align 4, keep-with-next
   \                     ??DataTable9_43:
   \        0x0   0x4000'F518        DC32     0x4000f518

   \                                 In section .text, align 4, keep-with-next
   \                     ??DataTable9_44:
   \        0x0   0x4000'0EE4        DC32     0x40000ee4

   \                                 In section .text, align 4, keep-with-next
   \                     ??DataTable9_45:
   \        0x0   0x1000'0258        DC32     0x10000258

   \                                 In section .text, align 4, keep-with-next
   \                     ??DataTable9_46:
   \        0x0   0x4002'9640        DC32     0x40029640

   \                                 In section .text, align 4, keep-with-next
   \                     ??DataTable9_47:
   \        0x0   0x4000'0400        DC32     0x40000400

   \                                 In section .text, align 4, keep-with-next
   \                     ??DataTable9_48:
   \        0x0   0x1000'120C        DC32     0x1000120c

   \                                 In section .text, align 4, keep-with-next
   \                     ??DataTable9_49:
   \        0x0   0x4001'E504        DC32     0x4001e504

   \                                 In section .text, align 4, keep-with-next
   \                     ??DataTable9_50:
   \        0x0   0x4001'E400        DC32     0x4001e400

   \                                 In section .text, align 4, keep-with-next
   \                     ??DataTable9_51:
   \        0x0   0xE000'ED08        DC32     0xe000ed08

   \                                 In section .text, align 4, keep-with-next
   \                     ??DataTable9_52:
   \        0x0   0x4000'0578        DC32     0x40000578

   \                                 In section .text, align 4, keep-with-next
   \                     ??DataTable9_53:
   \        0x0   0x1000'0130        DC32     0x10000130

   \                                 In section .text, align 4, keep-with-next
   \                     ??DataTable9_54:
   \        0x0   0x1000'0134        DC32     0x10000134
    295          
    296          /*lint --flb "Leave library region" */
    297          #endif

   Maximum stack usage in bytes:

   .cstack Function
   ------- --------
       0   NVIC_SystemReset()
       0   SystemCoreClockUpdate
       8   SystemInit
         8   -> NVIC_SystemReset()
         8   -> SystemCoreClockUpdate
         8   -> errata_103()
         8   -> errata_115()
         8   -> errata_120()
         8   -> errata_136()
         8   -> errata_36()
         8   -> errata_66()
         8   -> errata_98()
       0   errata_103()
       0   errata_115()
       0   errata_120()
       0   errata_136()
       0   errata_36()
       0   errata_66()
       0   errata_98()


   Section sizes:

   Bytes  Function/Label
   -----  --------------
       4  ??DataTable9
       4  ??DataTable9_1
       4  ??DataTable9_10
       4  ??DataTable9_11
       4  ??DataTable9_12
       4  ??DataTable9_13
       4  ??DataTable9_14
       4  ??DataTable9_15
       4  ??DataTable9_16
       4  ??DataTable9_17
       4  ??DataTable9_18
       4  ??DataTable9_19
       4  ??DataTable9_2
       4  ??DataTable9_20
       4  ??DataTable9_21
       4  ??DataTable9_22
       4  ??DataTable9_23
       4  ??DataTable9_24
       4  ??DataTable9_25
       4  ??DataTable9_26
       4  ??DataTable9_27
       4  ??DataTable9_28
       4  ??DataTable9_29
       4  ??DataTable9_3
       4  ??DataTable9_30
       4  ??DataTable9_31
       4  ??DataTable9_32
       4  ??DataTable9_33
       4  ??DataTable9_34
       4  ??DataTable9_35
       4  ??DataTable9_36
       4  ??DataTable9_37
       4  ??DataTable9_38
       4  ??DataTable9_39
       4  ??DataTable9_4
       4  ??DataTable9_40
       4  ??DataTable9_41
       4  ??DataTable9_42
       4  ??DataTable9_43
       4  ??DataTable9_44
       4  ??DataTable9_45
       4  ??DataTable9_46
       4  ??DataTable9_47
       4  ??DataTable9_48
       4  ??DataTable9_49
       4  ??DataTable9_5
       4  ??DataTable9_50
       4  ??DataTable9_51
       4  ??DataTable9_52
       4  ??DataTable9_53
       4  ??DataTable9_54
       4  ??DataTable9_6
       4  ??DataTable9_7
       4  ??DataTable9_8
       4  ??DataTable9_9
      26  NVIC_SystemReset()
       4  SystemCoreClock
       8  SystemCoreClockUpdate
     336  SystemInit
      24  errata_103()
      24  errata_115()
      24  errata_120()
      44  errata_136()
      44  errata_36()
      44  errata_66()
      24  errata_98()

 
   4 bytes in section .data
 818 bytes in section .text
 
 818 bytes of CODE memory
   4 bytes of DATA memory

Errors: none
Warnings: none
